"../../../Engine/Content/BasicShapes/BasicShapeMaterial.uasset" 0
"../../../Engine/Content/BasicShapes/BasicShapeMaterial.uexp" 1
"../../../Engine/Content/EngineMaterials/T_Default_Material_Grid_N.uasset" 2
"../../../Engine/Content/EngineMaterials/T_Default_Material_Grid_N.uexp" 3
"../../../Engine/Content/EngineMaterials/T_Default_Material_Grid_N.ubulk" 4
"../../../Engine/Content/EngineMaterials/T_Default_Material_Grid_M.uasset" 5
"../../../Engine/Content/EngineMaterials/T_Default_Material_Grid_M.uexp" 6
"../../../Engine/Content/EngineMaterials/T_Default_Material_Grid_M.ubulk" 7
"../../../Engine/Content/Functions/Engine_MaterialFunctions01/Opacity/CameraDepthFade.uasset" 8
"../../../Engine/Content/Functions/Engine_MaterialFunctions01/Opacity/CameraDepthFade.uexp" 9
"../../../Engine/Content/EngineMaterials/DefaultMaterial.uasset" 10
"../../../Engine/Content/EngineMaterials/DefaultMaterial.uexp" 11
"../../../Engine/Content/BasicShapes/Sphere.uasset" 12
"../../../Engine/Content/BasicShapes/Sphere.uexp" 13
"D:/Making games/ZmeykaGame/Content/UbivayushiySharBP.uasset" 14
"D:/Making games/ZmeykaGame/Content/UbivayushiySharBP.uexp" 15
"../../../Engine/Content/MapTemplates/Materials/BasicAsset03.uasset" 16
"../../../Engine/Content/MapTemplates/Materials/BasicAsset03.uexp" 17
"../../../Engine/Content/MapTemplates/Materials/BasicAsset01.uasset" 18
"../../../Engine/Content/MapTemplates/Materials/BasicAsset01.uexp" 19
"../../../Engine/Content/EngineMaterials/WorldGridMaterial.uasset" 20
"../../../Engine/Content/EngineMaterials/WorldGridMaterial.uexp" 21
"../../../Engine/Content/BasicShapes/Cube.uasset" 22
"../../../Engine/Content/BasicShapes/Cube.uexp" 23
"D:/Making games/ZmeykaGame/Content/ZmeykaElemBP.uasset" 24
"D:/Making games/ZmeykaGame/Content/ZmeykaElemBP.uexp" 25
"../../../Engine/Content/EngineMaterials/DefaultDiffuse.uasset" 26
"../../../Engine/Content/EngineMaterials/DefaultDiffuse.uexp" 27
"../../../Engine/Content/EngineMaterials/DefaultDiffuse.ubulk" 28
"../../../Engine/Content/EngineMaterials/DefaultDecalMaterial.uasset" 29
"../../../Engine/Content/EngineMaterials/DefaultDecalMaterial.uexp" 30
"D:/Making games/ZmeykaGame/Content/FoodBP.uasset" 31
"D:/Making games/ZmeykaGame/Content/FoodBP.uexp" 32
"D:/Making games/ZmeykaGame/Content/BonusUskoreniyeBP.uasset" 33
"D:/Making games/ZmeykaGame/Content/BonusUskoreniyeBP.uexp" 34
"D:/Making games/ZmeykaGame/Content/ZmeykaBP.uasset" 35
"D:/Making games/ZmeykaGame/Content/ZmeykaBP.uexp" 36
"../../../Engine/Content/EngineDebugMaterials/VertexColorViewMode_BlueOnly.uasset" 37
"../../../Engine/Content/EngineDebugMaterials/VertexColorViewMode_BlueOnly.uexp" 38
"../../../Engine/Content/Functions/Engine_MaterialFunctions01/Texturing/FlattenNormal.uasset" 39
"../../../Engine/Content/Functions/Engine_MaterialFunctions01/Texturing/FlattenNormal.uexp" 40
"../../../Engine/Content/EngineResources/WhiteSquareTexture.uasset" 41
"../../../Engine/Content/EngineResources/WhiteSquareTexture.uexp" 42
"../../../Engine/Content/EngineMaterials/FlatNormal.uasset" 43
"../../../Engine/Content/EngineMaterials/FlatNormal.uexp" 44
"../../../Engine/Plugins/Enterprise/DatasmithContent/Content/Materials/CE_BaseMaster.uasset" 45
"../../../Engine/Plugins/Enterprise/DatasmithContent/Content/Materials/CE_BaseMaster.uexp" 46
"../../../Engine/Plugins/Enterprise/DatasmithContent/Content/Materials/CE_OpacitySimpleMaster.uasset" 47
"../../../Engine/Plugins/Enterprise/DatasmithContent/Content/Materials/CE_OpacitySimpleMaster.uexp" 48
"D:/Making games/ZmeykaGame/Content/ZBossElemBP.uasset" 49
"D:/Making games/ZmeykaGame/Content/ZBossElemBP.uexp" 50
"D:/Making games/ZmeykaGame/Content/ZmeyBossBP.uasset" 51
"D:/Making games/ZmeykaGame/Content/ZmeyBossBP.uexp" 52
"D:/Making games/ZmeykaGame/Content/PlayerPawnBP.uasset" 53
"D:/Making games/ZmeykaGame/Content/PlayerPawnBP.uexp" 54
"D:/Making games/ZmeykaGame/Content/ZmeykaGameModeBP.uasset" 55
"D:/Making games/ZmeykaGame/Content/ZmeykaGameModeBP.uexp" 56
"../../../Engine/Content/ArtTools/RenderToTexture/Meshes/S_1_Unit_Plane.uasset" 57
"../../../Engine/Content/ArtTools/RenderToTexture/Meshes/S_1_Unit_Plane.uexp" 58
"../../../Engine/Content/BasicShapes/Cone.uasset" 59
"../../../Engine/Content/BasicShapes/Cone.uexp" 60
"../../../Engine/Content/BasicShapes/Plane.uasset" 61
"../../../Engine/Content/BasicShapes/Plane.uexp" 62
"../../../Engine/Content/EditorLandscapeResources/DataLayer.uasset" 63
"../../../Engine/Content/EditorLandscapeResources/DataLayer.uexp" 64
"../../../Engine/Content/EditorLandscapeResources/DefaultAlphaTexture.uasset" 65
"../../../Engine/Content/EditorLandscapeResources/DefaultAlphaTexture.uexp" 66
"../../../Engine/Content/EditorMaterials/MAT_Groups_Toggle.uasset" 67
"../../../Engine/Content/EditorMaterials/MAT_Groups_Toggle.uexp" 68
"../../../Engine/Content/EditorMaterials/MAT_Groups_Visibility.uasset" 69
"../../../Engine/Content/EditorMaterials/MAT_Groups_Visibility.uexp" 70
"../../../Engine/Content/EditorMaterials/PreviewShadowIndicator.uasset" 71
"../../../Engine/Content/EditorMaterials/PreviewShadowIndicator.uexp" 72
"../../../Engine/Content/EditorMaterials/PreviewShadowIndicator.ubulk" 73
"../../../Engine/Content/EditorMaterials/PreviewShadowIndicatorMaterial.uasset" 74
"../../../Engine/Content/EditorMaterials/PreviewShadowIndicatorMaterial.uexp" 75
"../../../Engine/Content/EditorMaterials/MatineeGroups/MAT_Groups_Anim.uasset" 76
"../../../Engine/Content/EditorMaterials/MatineeGroups/MAT_Groups_Anim.uexp" 77
"../../../Engine/Content/EditorMaterials/MatineeGroups/MAT_Groups_AudioMaster.uasset" 78
"../../../Engine/Content/EditorMaterials/MatineeGroups/MAT_Groups_AudioMaster.uexp" 79
"../../../Engine/Content/EditorMaterials/MatineeGroups/MAT_Groups_Director.uasset" 80
"../../../Engine/Content/EditorMaterials/MatineeGroups/MAT_Groups_Director.uexp" 81
"../../../Engine/Content/EditorMaterials/MatineeGroups/MAT_Groups_Event.uasset" 82
"../../../Engine/Content/EditorMaterials/MatineeGroups/MAT_Groups_Event.uexp" 83
"../../../Engine/Content/EditorMaterials/MatineeGroups/MAT_Groups_Fade.uasset" 84
"../../../Engine/Content/EditorMaterials/MatineeGroups/MAT_Groups_Fade.uexp" 85
"../../../Engine/Content/EditorMaterials/MatineeGroups/MAT_Groups_Float.uasset" 86
"../../../Engine/Content/EditorMaterials/MatineeGroups/MAT_Groups_Float.uexp" 87
"../../../Engine/Content/EditorMaterials/MatineeGroups/MAT_Groups_Move.uasset" 88
"../../../Engine/Content/EditorMaterials/MatineeGroups/MAT_Groups_Move.uexp" 89
"../../../Engine/Content/EditorMaterials/MatineeGroups/MAT_Groups_Slomo.uasset" 90
"../../../Engine/Content/EditorMaterials/MatineeGroups/MAT_Groups_Slomo.uexp" 91
"../../../Engine/Content/EditorMaterials/MatineeGroups/MAT_Groups_Sound.uasset" 92
"../../../Engine/Content/EditorMaterials/MatineeGroups/MAT_Groups_Sound.uexp" 93
"../../../Engine/Content/EditorMaterials/MatineeGroups/MAT_Groups_Vector.uasset" 94
"../../../Engine/Content/EditorMaterials/MatineeGroups/MAT_Groups_Vector.uexp" 95
"../../../Engine/Content/EditorMaterials/ParticleSystems/PSysThumbnail_NoImage.uasset" 96
"../../../Engine/Content/EditorMaterials/ParticleSystems/PSysThumbnail_NoImage.uexp" 97
"../../../Engine/Content/EditorMaterials/ParticleSystems/PSysThumbnail_NoImage.ubulk" 98
"../../../Engine/Content/EditorMaterials/ParticleSystems/PSysThumbnail_OOD.uasset" 99
"../../../Engine/Content/EditorMaterials/ParticleSystems/PSysThumbnail_OOD.uexp" 100
"../../../Engine/Content/EditorMaterials/ParticleSystems/PSysThumbnail_OOD.ubulk" 101
"../../../Engine/Content/EditorMaterials/Camera/CineMat.uasset" 102
"../../../Engine/Content/EditorMaterials/Camera/CineMat.uexp" 103
"../../../Engine/Content/EditorMaterials/Camera/MI_CineMat_Rig.uasset" 104
"../../../Engine/Content/EditorMaterials/Camera/MI_CineMat_Rig.uexp" 105
"../../../Engine/Content/EditorMeshes/Camera/SM_CraneRig_Arm.uasset" 106
"../../../Engine/Content/EditorMeshes/Camera/SM_CraneRig_Arm.uexp" 107
"../../../Engine/Content/EditorMeshes/Camera/SM_CraneRig_Base.uasset" 108
"../../../Engine/Content/EditorMeshes/Camera/SM_CraneRig_Base.uexp" 109
"../../../Engine/Content/EditorMeshes/Camera/SM_CraneRig_Body.uasset" 110
"../../../Engine/Content/EditorMeshes/Camera/SM_CraneRig_Body.uexp" 111
"../../../Engine/Content/EditorMeshes/Camera/SM_CraneRig_Mount.uasset" 112
"../../../Engine/Content/EditorMeshes/Camera/SM_CraneRig_Mount.uexp" 113
"../../../Engine/Content/EditorMeshes/Camera/SM_RailRig_Mount.uasset" 114
"../../../Engine/Content/EditorMeshes/Camera/SM_RailRig_Mount.uexp" 115
"../../../Engine/Content/EditorMeshes/Camera/SM_RailRig_Track.uasset" 116
"../../../Engine/Content/EditorMeshes/Camera/SM_RailRig_Track.uexp" 117
"../../../Engine/Content/EditorResources/BSPVertex.uasset" 118
"../../../Engine/Content/EditorResources/BSPVertex.uexp" 119
"../../../Engine/Content/EditorResources/EmptyActor.uasset" 120
"../../../Engine/Content/EditorResources/EmptyActor.uexp" 121
"../../../Engine/Content/EditorResources/S_Actor.uasset" 122
"../../../Engine/Content/EditorResources/S_Actor.uexp" 123
"../../../Engine/Content/EditorResources/S_Actor.ubulk" 124
"../../../Engine/Content/EditorResources/S_Note.uasset" 125
"../../../Engine/Content/EditorResources/S_Note.uexp" 126
"../../../Engine/Content/EditorResources/S_Note.ubulk" 127
"../../../Engine/Content/EditorResources/S_Solver.uasset" 128
"../../../Engine/Content/EditorResources/S_Solver.uexp" 129
"../../../Engine/Content/EditorResources/S_Solver.ubulk" 130
"../../../Engine/Content/EditorResources/S_Terrain.uasset" 131
"../../../Engine/Content/EditorResources/S_Terrain.uexp" 132
"../../../Engine/Content/EditorResources/S_Terrain.ubulk" 133
"../../../Engine/Content/EditorResources/S_Trigger.uasset" 134
"../../../Engine/Content/EditorResources/S_Trigger.uexp" 135
"../../../Engine/Content/EditorResources/S_Trigger.ubulk" 136
"../../../Engine/Content/EditorResources/LightIcons/S_LightError.uasset" 137
"../../../Engine/Content/EditorResources/LightIcons/S_LightError.uexp" 138
"../../../Engine/Content/EditorResources/SequenceRecorder/Countdown.uasset" 139
"../../../Engine/Content/EditorResources/SequenceRecorder/Countdown.uexp" 140
"../../../Engine/Content/EditorResources/SequenceRecorder/RecordingIndicator.uasset" 141
"../../../Engine/Content/EditorResources/SequenceRecorder/RecordingIndicator.uexp" 142
"../../../Engine/Content/EngineDamageTypes/DmgTypeBP_Environmental.uasset" 143
"../../../Engine/Content/EngineDamageTypes/DmgTypeBP_Environmental.uexp" 144
"../../../Engine/Content/EngineDebugMaterials/DebugEditorMaterial.uasset" 145
"../../../Engine/Content/EngineDebugMaterials/DebugEditorMaterial.uexp" 146
"../../../Engine/Content/EngineDebugMaterials/DebugMeshMaterial.uasset" 147
"../../../Engine/Content/EngineDebugMaterials/DebugMeshMaterial.uexp" 148
"../../../Engine/Content/EngineDebugMaterials/M_SimpleUnlitTranslucent.uasset" 149
"../../../Engine/Content/EngineDebugMaterials/M_SimpleUnlitTranslucent.uexp" 150
"../../../Engine/Content/EngineDebugMaterials/VolumeToRender.uasset" 151
"../../../Engine/Content/EngineDebugMaterials/VolumeToRender.uexp" 152
"../../../Engine/Content/Functions/Engine_MaterialFunctions02/Utility/CameraDirectionVector.uasset" 153
"../../../Engine/Content/Functions/Engine_MaterialFunctions02/Utility/CameraDirectionVector.uexp" 154
"../../../Engine/Content/EngineDebugMaterials/M_VolumeRenderSphereTracePP.uasset" 155
"../../../Engine/Content/EngineDebugMaterials/M_VolumeRenderSphereTracePP.uexp" 156
"../../../Engine/Content/Functions/Engine_MaterialFunctions01/Shading/ConvertFromDiffSpec.uasset" 157
"../../../Engine/Content/Functions/Engine_MaterialFunctions01/Shading/ConvertFromDiffSpec.uexp" 158
"../../../Engine/Content/EngineDebugMaterials/VertexColorMaterial.uasset" 159
"../../../Engine/Content/EngineDebugMaterials/VertexColorMaterial.uexp" 160
"../../../Engine/Content/EngineDebugMaterials/WireframeMaterial.uasset" 161
"../../../Engine/Content/EngineDebugMaterials/WireframeMaterial.uexp" 162
"../../../Engine/Content/EngineFonts/Faces/RobotoRegular.uasset" 163
"../../../Engine/Content/EngineFonts/Faces/RobotoRegular.uexp" 164
"../../../Engine/Content/EngineFonts/Faces/RobotoRegular.ufont" 165
"../../../Engine/Content/EngineFonts/Faces/RobotoLight.uasset" 166
"../../../Engine/Content/EngineFonts/Faces/RobotoLight.uexp" 167
"../../../Engine/Content/EngineFonts/Faces/RobotoLight.ufont" 168
"../../../Engine/Content/EngineFonts/Faces/RobotoItalic.uasset" 169
"../../../Engine/Content/EngineFonts/Faces/RobotoItalic.uexp" 170
"../../../Engine/Content/EngineFonts/Faces/RobotoItalic.ufont" 171
"../../../Engine/Content/EngineFonts/Faces/RobotoBoldItalic.uasset" 172
"../../../Engine/Content/EngineFonts/Faces/RobotoBoldItalic.uexp" 173
"../../../Engine/Content/EngineFonts/Faces/RobotoBoldItalic.ufont" 174
"../../../Engine/Content/EngineFonts/Faces/RobotoBold.uasset" 175
"../../../Engine/Content/EngineFonts/Faces/RobotoBold.uexp" 176
"../../../Engine/Content/EngineFonts/Faces/RobotoBold.ufont" 177
"../../../Engine/Content/EngineFonts/Faces/DroidSansFallback.uasset" 178
"../../../Engine/Content/EngineFonts/Faces/DroidSansFallback.uexp" 179
"../../../Engine/Content/EngineFonts/Faces/DroidSansFallback.ufont" 180
"../../../Engine/Content/EngineFonts/Roboto.uasset" 181
"../../../Engine/Content/EngineFonts/Roboto.uexp" 182
"../../../Engine/Content/EngineMaterials/BaseFlattenNormalMap.uasset" 183
"../../../Engine/Content/EngineMaterials/BaseFlattenNormalMap.uexp" 184
"../../../Engine/Content/EngineMaterials/BaseFlattenGrayscaleMap.uasset" 185
"../../../Engine/Content/EngineMaterials/BaseFlattenGrayscaleMap.uexp" 186
"../../../Engine/Content/EngineMaterials/BaseFlattenEmissiveMap.uasset" 187
"../../../Engine/Content/EngineMaterials/BaseFlattenEmissiveMap.uexp" 188
"../../../Engine/Content/EngineMaterials/BaseFlattenDiffuseMap.uasset" 189
"../../../Engine/Content/EngineMaterials/BaseFlattenDiffuseMap.uexp" 190
"../../../Engine/Content/EngineMaterials/BaseFlattenMaterial.uasset" 191
"../../../Engine/Content/EngineMaterials/BaseFlattenMaterial.uexp" 192
"../../../Engine/Content/EngineMaterials/BlueNoise.uasset" 193
"../../../Engine/Content/EngineMaterials/BlueNoise.uexp" 194
"../../../Engine/Content/EngineMaterials/DefaultBloomKernel.uasset" 195
"../../../Engine/Content/EngineMaterials/DefaultBloomKernel.uexp" 196
"../../../Engine/Content/EngineMaterials/DefaultBokeh.uasset" 197
"../../../Engine/Content/EngineMaterials/DefaultBokeh.uexp" 198
"../../../Engine/Content/EngineMaterials/DefaultDeferredDecalMaterial.uasset" 199
"../../../Engine/Content/EngineMaterials/DefaultDeferredDecalMaterial.uexp" 200
"../../../Engine/Content/EngineMaterials/DefaultLightFunctionMaterial.uasset" 201
"../../../Engine/Content/EngineMaterials/DefaultLightFunctionMaterial.uexp" 202
"../../../Engine/Content/EngineMaterials/DefaultPhysicalMaterial.uasset" 203
"../../../Engine/Content/EngineMaterials/DefaultPhysicalMaterial.uexp" 204
"../../../Engine/Content/Functions/Engine_MaterialFunctions02/Utility/BreakOutFloat2Components.uasset" 205
"../../../Engine/Content/Functions/Engine_MaterialFunctions02/Utility/BreakOutFloat2Components.uexp" 206
"../../../Engine/Content/EngineMaterials/DefaultPostProcessMaterial.uasset" 207
"../../../Engine/Content/EngineMaterials/DefaultPostProcessMaterial.uexp" 208
"../../../Engine/Content/EngineFonts/RobotoDistanceField.uasset" 209
"../../../Engine/Content/EngineFonts/RobotoDistanceField.uexp" 210
"../../../Engine/Content/EngineMaterials/DefaultTextMaterialOpaque.uasset" 211
"../../../Engine/Content/EngineMaterials/DefaultTextMaterialOpaque.uexp" 212
"../../../Engine/Content/EngineMaterials/DefaultWhiteGrid.uasset" 213
"../../../Engine/Content/EngineMaterials/DefaultWhiteGrid.uexp" 214
"../../../Engine/Content/EngineMaterials/DefaultWhiteGrid.ubulk" 215
"../../../Engine/Content/EngineMaterials/DefaultWhiteGrid_Low.uasset" 216
"../../../Engine/Content/EngineMaterials/DefaultWhiteGrid_Low.uexp" 217
"../../../Engine/Content/EngineMaterials/EmissiveMeshMaterial.uasset" 218
"../../../Engine/Content/EngineMaterials/EmissiveMeshMaterial.uexp" 219
"../../../Engine/Content/EngineMaterials/GizmoMaterial.uasset" 220
"../../../Engine/Content/EngineMaterials/GizmoMaterial.uexp" 221
"../../../Engine/Content/EngineMaterials/Good64x64TilingNoiseHighFreq.uasset" 222
"../../../Engine/Content/EngineMaterials/Good64x64TilingNoiseHighFreq.uexp" 223
"../../../Engine/Content/EngineMaterials/MiniFont.uasset" 224
"../../../Engine/Content/EngineMaterials/MiniFont.uexp" 225
"../../../Engine/Content/EngineMaterials/InvalidLightmapSettings.uasset" 226
"../../../Engine/Content/EngineMaterials/InvalidLightmapSettings.uexp" 227
"../../../Engine/Content/EngineMaterials/InvalidLightmapSettings.ubulk" 228
"../../../Engine/Content/EngineMaterials/M_InvalidLightmapSettings.uasset" 229
"../../../Engine/Content/EngineMaterials/M_InvalidLightmapSettings.uexp" 230
"../../../Engine/Content/Functions/Engine_MaterialFunctions02/WorldPositionOffset/CameraOffset.uasset" 231
"../../../Engine/Content/Functions/Engine_MaterialFunctions02/WorldPositionOffset/CameraOffset.uexp" 232
"../../../Engine/Content/EngineMaterials/PhAT_JointLimitMaterial.uasset" 233
"../../../Engine/Content/EngineMaterials/PhAT_JointLimitMaterial.uexp" 234
"../../../Engine/Content/EngineMaterials/DefaultCalibrationColor.uasset" 235
"../../../Engine/Content/EngineMaterials/DefaultCalibrationColor.uexp" 236
"../../../Engine/Content/EngineMaterials/PPM_DefaultCalibrationColor.uasset" 237
"../../../Engine/Content/EngineMaterials/PPM_DefaultCalibrationColor.uexp" 238
"../../../Engine/Content/EngineMaterials/DefaultCalibrationGrayscale.uasset" 239
"../../../Engine/Content/EngineMaterials/DefaultCalibrationGrayscale.uexp" 240
"../../../Engine/Content/EngineMaterials/PPM_DefaultCalibrationGrayscale.uasset" 241
"../../../Engine/Content/EngineMaterials/PPM_DefaultCalibrationGrayscale.uexp" 242
"../../../Engine/Content/EngineMaterials/PreintegratedSkinBRDF.uasset" 243
"../../../Engine/Content/EngineMaterials/PreintegratedSkinBRDF.uexp" 244
"../../../Engine/Content/EngineMaterials/RemoveSurfaceMaterial.uasset" 245
"../../../Engine/Content/EngineMaterials/RemoveSurfaceMaterial.uexp" 246
"../../../Engine/Content/EngineMaterials/WeightMapPlaceholderTexture.uasset" 247
"../../../Engine/Content/EngineMaterials/WeightMapPlaceholderTexture.uexp" 248
"../../../Engine/Content/EngineMaterials/Widget3DPassThrough.uasset" 249
"../../../Engine/Content/EngineMaterials/Widget3DPassThrough.uexp" 250
"../../../Engine/Content/EngineMaterials/Widget3DPassThrough_Masked.uasset" 251
"../../../Engine/Content/EngineMaterials/Widget3DPassThrough_Masked.uexp" 252
"../../../Engine/Content/EngineMaterials/Widget3DPassThrough_Opaque.uasset" 253
"../../../Engine/Content/EngineMaterials/Widget3DPassThrough_Opaque.uexp" 254
"../../../Engine/Content/EngineMaterials/Widget3DPassThrough_Masked_OneSided.uasset" 255
"../../../Engine/Content/EngineMaterials/Widget3DPassThrough_Masked_OneSided.uexp" 256
"../../../Engine/Content/EngineMaterials/Widget3DPassThrough_Opaque_OneSided.uasset" 257
"../../../Engine/Content/EngineMaterials/Widget3DPassThrough_Opaque_OneSided.uexp" 258
"../../../Engine/Content/EngineMaterials/Widget3DPassThrough_Translucent.uasset" 259
"../../../Engine/Content/EngineMaterials/Widget3DPassThrough_Translucent.uexp" 260
"../../../Engine/Content/EngineMaterials/Widget3DPassThrough_Translucent_OneSided.uasset" 261
"../../../Engine/Content/EngineMaterials/Widget3DPassThrough_Translucent_OneSided.uexp" 262
"../../../Engine/Content/EngineMeshes/Cylinder.uasset" 263
"../../../Engine/Content/EngineMeshes/Cylinder.uexp" 264
"../../../Engine/Content/EngineMeshes/Sphere.uasset" 265
"../../../Engine/Content/EngineMeshes/Sphere.uexp" 266
"../../../Engine/Content/EngineResources/DefaultTexture.uasset" 267
"../../../Engine/Content/EngineResources/DefaultTexture.uexp" 268
"../../../Engine/Content/EngineResources/DefaultTexture.ubulk" 269
"../../../Engine/Content/EngineResources/DefaultTextureCube.uasset" 270
"../../../Engine/Content/EngineResources/DefaultTextureCube.uexp" 271
"../../../Engine/Content/EngineResources/DefaultVolumeTexture2D.uasset" 272
"../../../Engine/Content/EngineResources/DefaultVolumeTexture2D.uexp" 273
"../../../Engine/Content/EngineResources/DefaultVolumeTexture.uasset" 274
"../../../Engine/Content/EngineResources/DefaultVolumeTexture.uexp" 275
"../../../Engine/Content/EngineResources/GradientTexture0.uasset" 276
"../../../Engine/Content/EngineResources/GradientTexture0.uexp" 277
"../../../Engine/Content/EngineSky/VolumetricClouds/T_NoiseShape64.uasset" 278
"../../../Engine/Content/EngineSky/VolumetricClouds/T_NoiseShape64.uexp" 279
"../../../Engine/Content/EngineSky/VolumetricClouds/T_NoiseShape64.ubulk" 280
"../../../Engine/Content/EngineSky/VolumetricClouds/T_VolumeNoiseShape64.uasset" 281
"../../../Engine/Content/EngineSky/VolumetricClouds/T_VolumeNoiseShape64.uexp" 282
"../../../Engine/Content/EngineSky/VolumetricClouds/T_NoiseErosion.uasset" 283
"../../../Engine/Content/EngineSky/VolumetricClouds/T_NoiseErosion.uexp" 284
"../../../Engine/Content/EngineSky/VolumetricClouds/T_NoiseErosion.ubulk" 285
"../../../Engine/Content/EngineSky/VolumetricClouds/T_VolumeNoiseErosion32.uasset" 286
"../../../Engine/Content/EngineSky/VolumetricClouds/T_VolumeNoiseErosion32.uexp" 287
"../../../Engine/Content/EngineSky/VolumetricClouds/CloudWeatherTexture.uasset" 288
"../../../Engine/Content/EngineSky/VolumetricClouds/CloudWeatherTexture.uexp" 289
"../../../Engine/Content/EngineSky/VolumetricClouds/CloudGradientTexture.uasset" 290
"../../../Engine/Content/EngineSky/VolumetricClouds/CloudGradientTexture.uexp" 291
"../../../Engine/Content/Functions/Engine_MaterialFunctions02/Utility/MakeFloat2.uasset" 292
"../../../Engine/Content/Functions/Engine_MaterialFunctions02/Utility/MakeFloat2.uexp" 293
"../../../Engine/Content/EngineSky/VolumetricClouds/m_SimpleVolumetricCloud.uasset" 294
"../../../Engine/Content/EngineSky/VolumetricClouds/m_SimpleVolumetricCloud.uexp" 295
"../../../Engine/Content/EngineSky/VolumetricClouds/m_SimpleVolumetricCloud_Inst.uasset" 296
"../../../Engine/Content/EngineSky/VolumetricClouds/m_SimpleVolumetricCloud_Inst.uexp" 297
"../../../Engine/Content/EngineSounds/Master.uasset" 298
"../../../Engine/Content/EngineSounds/Master.uexp" 299
"../../../Engine/Content/Functions/Engine_MaterialFunctions01/Shading/PowerToRoughness.uasset" 300
"../../../Engine/Content/Functions/Engine_MaterialFunctions01/Shading/PowerToRoughness.uexp" 301
"../../../Engine/Content/Maps/Templates/Thumbnails/Default.uasset" 302
"../../../Engine/Content/Maps/Templates/Thumbnails/Default.uexp" 303
"../../../Engine/Content/Maps/Templates/Thumbnails/TimeOfDay.uasset" 304
"../../../Engine/Content/Maps/Templates/Thumbnails/TimeOfDay.uexp" 305
"../../../Engine/Content/Maps/Templates/Thumbnails/VR-Basic.uasset" 306
"../../../Engine/Content/Maps/Templates/Thumbnails/VR-Basic.uexp" 307
"../../../Engine/Content/MobileResources/T_MobileControls_texture.uasset" 308
"../../../Engine/Content/MobileResources/T_MobileControls_texture.uexp" 309
"../../../Engine/Content/MobileResources/T_MobileMenu2.uasset" 310
"../../../Engine/Content/MobileResources/T_MobileMenu2.uexp" 311
"../../../Engine/Content/MobileResources/HUD/AnalogHat.uasset" 312
"../../../Engine/Content/MobileResources/HUD/AnalogHat.uexp" 313
"../../../Engine/Content/MobileResources/HUD/VirtualJoystick_Thumb.uasset" 314
"../../../Engine/Content/MobileResources/HUD/VirtualJoystick_Thumb.uexp" 315
"../../../Engine/Content/MobileResources/HUD/VirtualJoystick_Background.uasset" 316
"../../../Engine/Content/MobileResources/HUD/VirtualJoystick_Background.uexp" 317
"../../../Engine/Content/MobileResources/HUD/DefaultVirtualJoysticks.uasset" 318
"../../../Engine/Content/MobileResources/HUD/DefaultVirtualJoysticks.uexp" 319
"../../../Engine/Content/MobileResources/HUD/LeftVirtualJoystickOnly.uasset" 320
"../../../Engine/Content/MobileResources/HUD/LeftVirtualJoystickOnly.uexp" 321
"../../../Engine/Content/MobileResources/HUD/MobileHUDButton1_off.uasset" 322
"../../../Engine/Content/MobileResources/HUD/MobileHUDButton1_off.uexp" 323
"../../../Engine/Content/MobileResources/HUD/MobileHUDButton1_on.uasset" 324
"../../../Engine/Content/MobileResources/HUD/MobileHUDButton1_on.uexp" 325
"../../../Engine/Content/MobileResources/HUD/MobileHUDButton2_off.uasset" 326
"../../../Engine/Content/MobileResources/HUD/MobileHUDButton2_off.uexp" 327
"../../../Engine/Content/MobileResources/HUD/MobileHUDButton2_on.uasset" 328
"../../../Engine/Content/MobileResources/HUD/MobileHUDButton2_on.uexp" 329
"../../../Engine/Content/MobileResources/HUD/MobileHUDButton3.uasset" 330
"../../../Engine/Content/MobileResources/HUD/MobileHUDButton3.uexp" 331
"../../../Engine/Content/MobileResources/HUD/MobileHUDButtonFire.uasset" 332
"../../../Engine/Content/MobileResources/HUD/MobileHUDButtonFire.uexp" 333
"../../../Engine/Content/MobileResources/HUD/MobileHUDDirectionPad.uasset" 334
"../../../Engine/Content/MobileResources/HUD/MobileHUDDirectionPad.uexp" 335
"../../../Engine/Content/MobileResources/HUD/MobileHUDDirectionPad2.uasset" 336
"../../../Engine/Content/MobileResources/HUD/MobileHUDDirectionPad2.uexp" 337
"../../../Engine/Content/MobileResources/HUD/MobileHUDDirectionPad3.uasset" 338
"../../../Engine/Content/MobileResources/HUD/MobileHUDDirectionPad3.uexp" 339
"../../../Engine/Content/MobileResources/HUD/MobileHUDDirectionStick.uasset" 340
"../../../Engine/Content/MobileResources/HUD/MobileHUDDirectionStick.uexp" 341
"../../../Engine/Content/MobileResources/HUD/T_Castle_ThumbstickInner.uasset" 342
"../../../Engine/Content/MobileResources/HUD/T_Castle_ThumbstickInner.uexp" 343
"../../../Engine/Content/MobileResources/HUD/T_Castle_ThumbstickOutter.uasset" 344
"../../../Engine/Content/MobileResources/HUD/T_Castle_ThumbstickOutter.uexp" 345
"../../../Engine/Content/Tutorial/ContentIntroCurve.uasset" 346
"../../../Engine/Content/Tutorial/ContentIntroCurve.uexp" 347
"../../../Engine/Content/VREditor/TransformGizmo/TranslucentTransformGizmoMaterial.uasset" 348
"../../../Engine/Content/VREditor/TransformGizmo/TranslucentTransformGizmoMaterial.uexp" 349
"../../../Engine/Content/VREditor/LaserPointer/VR_LaserPower_01.uasset" 350
"../../../Engine/Content/VREditor/LaserPointer/VR_LaserPower_01.uexp" 351
"../../../Engine/Content/VREditor/LaserPointer/VR_LaserPower_01.ubulk" 352
"../../../Engine/Content/VREditor/TransformGizmo/TransformGizmoMaterial.uasset" 353
"../../../Engine/Content/VREditor/TransformGizmo/TransformGizmoMaterial.uexp" 354
"../../../Engine/Content/VREditor/TransformGizmo/BoundingBoxCorner.uasset" 355
"../../../Engine/Content/VREditor/TransformGizmo/BoundingBoxCorner.uexp" 356
"../../../Engine/Content/VREditor/TransformGizmo/BoundingBoxEdge.uasset" 357
"../../../Engine/Content/VREditor/TransformGizmo/BoundingBoxEdge.uexp" 358
"../../../Engine/Content/VREditor/TransformGizmo/PlaneTranslationHandle.uasset" 359
"../../../Engine/Content/VREditor/TransformGizmo/PlaneTranslationHandle.uexp" 360
"../../../Engine/Content/VREditor/TransformGizmo/Xray.uasset" 361
"../../../Engine/Content/VREditor/TransformGizmo/Xray.uexp" 362
"../../../Engine/Content/VREditor/TransformGizmo/Main.uasset" 363
"../../../Engine/Content/VREditor/TransformGizmo/Main.uexp" 364
"../../../Engine/Content/VREditor/TransformGizmo/SM_Sequencer_Key.uasset" 365
"../../../Engine/Content/VREditor/TransformGizmo/SM_Sequencer_Key.uexp" 366
"../../../Engine/Content/VREditor/TransformGizmo/SM_Sequencer_Node.uasset" 367
"../../../Engine/Content/VREditor/TransformGizmo/SM_Sequencer_Node.uexp" 368
"../../../Engine/Plugins/2D/Paper2D/Content/PlaceholderTextures/DummySpriteTexture.uasset" 369
"../../../Engine/Plugins/2D/Paper2D/Content/PlaceholderTextures/DummySpriteTexture.uexp" 370
"../../../Engine/Plugins/2D/Paper2D/Content/PlaceholderTextures/DummySpriteTexture.ubulk" 371
"../../../Engine/Plugins/2D/Paper2D/Content/DummySprite.uasset" 372
"../../../Engine/Plugins/2D/Paper2D/Content/DummySprite.uexp" 373
"../../../Engine/Plugins/2D/Paper2D/Content/DefaultPaperTerrainMaterial.uasset" 374
"../../../Engine/Plugins/2D/Paper2D/Content/DefaultPaperTerrainMaterial.uexp" 375
"../../../Engine/Plugins/2D/Paper2D/Content/DefaultSpriteMaterial.uasset" 376
"../../../Engine/Plugins/2D/Paper2D/Content/DefaultSpriteMaterial.uexp" 377
"../../../Engine/Plugins/2D/Paper2D/Content/MaskedUnlitSpriteMaterial.uasset" 378
"../../../Engine/Plugins/2D/Paper2D/Content/MaskedUnlitSpriteMaterial.uexp" 379
"../../../Engine/Plugins/2D/Paper2D/Content/OpaqueUnlitSpriteMaterial.uasset" 380
"../../../Engine/Plugins/2D/Paper2D/Content/OpaqueUnlitSpriteMaterial.uexp" 381
"../../../Engine/Content/Functions/Engine_MaterialFunctions02/Utility/BreakOutFloat3Components.uasset" 382
"../../../Engine/Content/Functions/Engine_MaterialFunctions02/Utility/BreakOutFloat3Components.uexp" 383
"../../../Engine/Plugins/Editor/SpeedTreeImporter/Content/SpeedTree9/UnpackInteger3.uasset" 384
"../../../Engine/Plugins/Editor/SpeedTreeImporter/Content/SpeedTree9/UnpackInteger3.uexp" 385
"../../../Engine/Plugins/Editor/SpeedTreeImporter/Content/SpeedTree9/UnpackDirection.uasset" 386
"../../../Engine/Plugins/Editor/SpeedTreeImporter/Content/SpeedTree9/UnpackDirection.uexp" 387
"../../../Engine/Plugins/Editor/SpeedTreeImporter/Content/SpeedTree9/game_wind_noise.uasset" 388
"../../../Engine/Plugins/Editor/SpeedTreeImporter/Content/SpeedTree9/game_wind_noise.uexp" 389
"../../../Engine/Plugins/Editor/SpeedTreeImporter/Content/SpeedTree9/game_wind_noise.ubulk" 390
"../../../Engine/Content/Functions/Engine_MaterialFunctions02/SafeNormalize.uasset" 391
"../../../Engine/Content/Functions/Engine_MaterialFunctions02/SafeNormalize.uexp" 392
"../../../Engine/Plugins/Editor/SpeedTreeImporter/Content/SpeedTree9/SpeedTreeWindMotion.uasset" 393
"../../../Engine/Plugins/Editor/SpeedTreeImporter/Content/SpeedTree9/SpeedTreeWindMotion.uexp" 394
"../../../Engine/Plugins/Editor/SpeedTreeImporter/Content/SpeedTree9/SpeedTreeBranchMotion.uasset" 395
"../../../Engine/Plugins/Editor/SpeedTreeImporter/Content/SpeedTree9/SpeedTreeBranchMotion.uexp" 396
"../../../Engine/Content/Functions/Engine_MaterialFunctions02/ObjectLocalBounds.uasset" 397
"../../../Engine/Content/Functions/Engine_MaterialFunctions02/ObjectLocalBounds.uexp" 398
"../../../Engine/Content/Functions/Engine_MaterialFunctions02/UVs/BoundingBoxBased_0-1_UVW.uasset" 399
"../../../Engine/Content/Functions/Engine_MaterialFunctions02/UVs/BoundingBoxBased_0-1_UVW.uexp" 400
"../../../Engine/Content/Functions/Engine_MaterialFunctions02/Utility/VectorLength.uasset" 401
"../../../Engine/Content/Functions/Engine_MaterialFunctions02/Utility/VectorLength.uexp" 402
"../../../Engine/Content/Functions/Engine_MaterialFunctions02/WorldPositionOffset/ObjectScale.uasset" 403
"../../../Engine/Content/Functions/Engine_MaterialFunctions02/WorldPositionOffset/ObjectScale.uexp" 404
"../../../Engine/Plugins/Editor/SpeedTreeImporter/Content/SpeedTree9/SpeedTreeWind.uasset" 405
"../../../Engine/Plugins/Editor/SpeedTreeImporter/Content/SpeedTree9/SpeedTreeWind.uexp" 406
"../../../Engine/Plugins/Editor/SpeedTreeImporter/Content/SpeedTree9/SpeedTreeBillboard.uasset" 407
"../../../Engine/Plugins/Editor/SpeedTreeImporter/Content/SpeedTree9/SpeedTreeBillboard.uexp" 408
"../../../Engine/Plugins/Editor/SpeedTreeImporter/Content/SpeedTree9/EmptyNormal.uasset" 409
"../../../Engine/Plugins/Editor/SpeedTreeImporter/Content/SpeedTree9/EmptyNormal.uexp" 410
"../../../Engine/Plugins/Editor/SpeedTreeImporter/Content/SpeedTree9/Empty.uasset" 411
"../../../Engine/Plugins/Editor/SpeedTreeImporter/Content/SpeedTree9/Empty.uexp" 412
"../../../Engine/Plugins/Editor/SpeedTreeImporter/Content/SpeedTree9/SpeedTreeBillboardMaster.uasset" 413
"../../../Engine/Plugins/Editor/SpeedTreeImporter/Content/SpeedTree9/SpeedTreeBillboardMaster.uexp" 414
"../../../Engine/Plugins/Editor/SpeedTreeImporter/Content/SpeedTree9/SpeedTreeCameraFacing.uasset" 415
"../../../Engine/Plugins/Editor/SpeedTreeImporter/Content/SpeedTree9/SpeedTreeCameraFacing.uexp" 416
"../../../Engine/Plugins/Editor/SpeedTreeImporter/Content/SpeedTree9/SpeedTreeMaster.uasset" 417
"../../../Engine/Plugins/Editor/SpeedTreeImporter/Content/SpeedTree9/SpeedTreeMaster.uexp" 418
"../../../Engine/Content/BasicShapes/Cylinder.uasset" 419
"../../../Engine/Content/BasicShapes/Cylinder.uexp" 420
"../../../Engine/Content/ArtTools/RenderToTexture/Materials/Debug/M_Emissive_Color.uasset" 421
"../../../Engine/Content/ArtTools/RenderToTexture/Materials/Debug/M_Emissive_Color.uexp" 422
"../../../Engine/Plugins/Runtime/OpenXR/Content/Devices/GoogleDaydream/MRTexture.uasset" 423
"../../../Engine/Plugins/Runtime/OpenXR/Content/Devices/GoogleDaydream/MRTexture.uexp" 424
"../../../Engine/Plugins/Runtime/OpenXR/Content/Devices/GoogleDaydream/MRTexture.ubulk" 425
"../../../Engine/Plugins/Runtime/OpenXR/Content/Devices/GoogleDaydream/BaseTexture.uasset" 426
"../../../Engine/Plugins/Runtime/OpenXR/Content/Devices/GoogleDaydream/BaseTexture.uexp" 427
"../../../Engine/Plugins/Runtime/OpenXR/Content/Devices/GoogleDaydream/BaseTexture.ubulk" 428
"../../../Engine/Content/EngineResources/Black.uasset" 429
"../../../Engine/Content/EngineResources/Black.uexp" 430
"../../../Engine/Plugins/Runtime/OpenXR/Content/Devices/M_XRController.uasset" 431
"../../../Engine/Plugins/Runtime/OpenXR/Content/Devices/M_XRController.uexp" 432
"../../../Engine/Plugins/Runtime/OpenXR/Content/Devices/GoogleDaydream/MI_GoogleDaydream.uasset" 433
"../../../Engine/Plugins/Runtime/OpenXR/Content/Devices/GoogleDaydream/MI_GoogleDaydream.uexp" 434
"../../../Engine/Plugins/Runtime/OpenXR/Content/Devices/GoogleDaydream/GoogleDaydreamController.uasset" 435
"../../../Engine/Plugins/Runtime/OpenXR/Content/Devices/GoogleDaydream/GoogleDaydreamController.uexp" 436
"../../../Engine/Plugins/Runtime/OpenXR/Content/Devices/HTCVive/BaseTexture.uasset" 437
"../../../Engine/Plugins/Runtime/OpenXR/Content/Devices/HTCVive/BaseTexture.uexp" 438
"../../../Engine/Plugins/Runtime/OpenXR/Content/Devices/HTCVive/BaseTexture.ubulk" 439
"../../../Engine/Plugins/Runtime/OpenXR/Content/Devices/HTCVive/MI_HTCVive.uasset" 440
"../../../Engine/Plugins/Runtime/OpenXR/Content/Devices/HTCVive/MI_HTCVive.uexp" 441
"../../../Engine/Plugins/Runtime/OpenXR/Content/Devices/HTCVive/HTCViveController.uasset" 442
"../../../Engine/Plugins/Runtime/OpenXR/Content/Devices/HTCVive/HTCViveController.uexp" 443
"../../../Engine/Plugins/Runtime/OpenXR/Content/Devices/MicrosoftMixedReality/NormalTexture.uasset" 444
"../../../Engine/Plugins/Runtime/OpenXR/Content/Devices/MicrosoftMixedReality/NormalTexture.uexp" 445
"../../../Engine/Plugins/Runtime/OpenXR/Content/Devices/MicrosoftMixedReality/NormalTexture.ubulk" 446
"../../../Engine/Plugins/Runtime/OpenXR/Content/Devices/MicrosoftMixedReality/MRTexture.uasset" 447
"../../../Engine/Plugins/Runtime/OpenXR/Content/Devices/MicrosoftMixedReality/MRTexture.uexp" 448
"../../../Engine/Plugins/Runtime/OpenXR/Content/Devices/MicrosoftMixedReality/MRTexture.ubulk" 449
"../../../Engine/Plugins/Runtime/OpenXR/Content/Devices/MicrosoftMixedReality/EmissiveTexture.uasset" 450
"../../../Engine/Plugins/Runtime/OpenXR/Content/Devices/MicrosoftMixedReality/EmissiveTexture.uexp" 451
"../../../Engine/Plugins/Runtime/OpenXR/Content/Devices/MicrosoftMixedReality/EmissiveTexture.ubulk" 452
"../../../Engine/Plugins/Runtime/OpenXR/Content/Devices/MicrosoftMixedReality/BaseTexture.uasset" 453
"../../../Engine/Plugins/Runtime/OpenXR/Content/Devices/MicrosoftMixedReality/BaseTexture.uexp" 454
"../../../Engine/Plugins/Runtime/OpenXR/Content/Devices/MicrosoftMixedReality/BaseTexture.ubulk" 455
"../../../Engine/Plugins/Runtime/OpenXR/Content/Devices/MicrosoftMixedReality/MI_MicrosoftMixedReality.uasset" 456
"../../../Engine/Plugins/Runtime/OpenXR/Content/Devices/MicrosoftMixedReality/MI_MicrosoftMixedReality.uexp" 457
"../../../Engine/Plugins/Runtime/OpenXR/Content/Devices/MicrosoftMixedReality/Left/left_MicrosoftMixedRealityController.uasset" 458
"../../../Engine/Plugins/Runtime/OpenXR/Content/Devices/MicrosoftMixedReality/Left/left_MicrosoftMixedRealityController.uexp" 459
"../../../Engine/Plugins/Runtime/OpenXR/Content/Devices/MicrosoftMixedReality/Right/right_MicrosoftMixedRealityController.uasset" 460
"../../../Engine/Plugins/Runtime/OpenXR/Content/Devices/MicrosoftMixedReality/Right/right_MicrosoftMixedRealityController.uexp" 461
"../../../Engine/Plugins/Runtime/OpenXR/Content/Devices/OculusGo/BaseTexture.uasset" 462
"../../../Engine/Plugins/Runtime/OpenXR/Content/Devices/OculusGo/BaseTexture.uexp" 463
"../../../Engine/Plugins/Runtime/OpenXR/Content/Devices/OculusGo/BaseTexture.ubulk" 464
"../../../Engine/Plugins/Runtime/OpenXR/Content/Devices/OculusGo/MI_OculusGo.uasset" 465
"../../../Engine/Plugins/Runtime/OpenXR/Content/Devices/OculusGo/MI_OculusGo.uexp" 466
"../../../Engine/Plugins/Runtime/OpenXR/Content/Devices/OculusGo/OculusGoController.uasset" 467
"../../../Engine/Plugins/Runtime/OpenXR/Content/Devices/OculusGo/OculusGoController.uexp" 468
"../../../Engine/Plugins/Runtime/OpenXR/Content/Devices/OculusTouch/MRTexture.uasset" 469
"../../../Engine/Plugins/Runtime/OpenXR/Content/Devices/OculusTouch/MRTexture.uexp" 470
"../../../Engine/Plugins/Runtime/OpenXR/Content/Devices/OculusTouch/MRTexture.ubulk" 471
"../../../Engine/Plugins/Runtime/OpenXR/Content/Devices/OculusTouch/BaseTexture.uasset" 472
"../../../Engine/Plugins/Runtime/OpenXR/Content/Devices/OculusTouch/BaseTexture.uexp" 473
"../../../Engine/Plugins/Runtime/OpenXR/Content/Devices/OculusTouch/BaseTexture.ubulk" 474
"../../../Engine/Plugins/Runtime/OpenXR/Content/Devices/OculusTouch/MI_OculusTouch.uasset" 475
"../../../Engine/Plugins/Runtime/OpenXR/Content/Devices/OculusTouch/MI_OculusTouch.uexp" 476
"../../../Engine/Plugins/Runtime/OpenXR/Content/Devices/OculusTouch/Left/left_OculusTouchController.uasset" 477
"../../../Engine/Plugins/Runtime/OpenXR/Content/Devices/OculusTouch/Left/left_OculusTouchController.uexp" 478
"../../../Engine/Plugins/Runtime/OpenXR/Content/Devices/OculusTouch/Right/right_OculusTouchController.uasset" 479
"../../../Engine/Plugins/Runtime/OpenXR/Content/Devices/OculusTouch/Right/right_OculusTouchController.uexp" 480
"../../../Engine/Plugins/Runtime/OpenXR/Content/Devices/OculusTouch_v2/MRTexture.uasset" 481
"../../../Engine/Plugins/Runtime/OpenXR/Content/Devices/OculusTouch_v2/MRTexture.uexp" 482
"../../../Engine/Plugins/Runtime/OpenXR/Content/Devices/OculusTouch_v2/MRTexture.ubulk" 483
"../../../Engine/Plugins/Runtime/OpenXR/Content/Devices/OculusTouch_v2/BaseTexture.uasset" 484
"../../../Engine/Plugins/Runtime/OpenXR/Content/Devices/OculusTouch_v2/BaseTexture.uexp" 485
"../../../Engine/Plugins/Runtime/OpenXR/Content/Devices/OculusTouch_v2/BaseTexture.ubulk" 486
"../../../Engine/Plugins/Runtime/OpenXR/Content/Devices/OculusTouch_v2/MI_OculusTouch_v2.uasset" 487
"../../../Engine/Plugins/Runtime/OpenXR/Content/Devices/OculusTouch_v2/MI_OculusTouch_v2.uexp" 488
"../../../Engine/Plugins/Runtime/OpenXR/Content/Devices/OculusTouch_v2/Left/left_OculusTouch_v2Controller.uasset" 489
"../../../Engine/Plugins/Runtime/OpenXR/Content/Devices/OculusTouch_v2/Left/left_OculusTouch_v2Controller.uexp" 490
"../../../Engine/Plugins/Runtime/OpenXR/Content/Devices/OculusTouch_v2/Right/right_OculusTouch_v2Controller.uasset" 491
"../../../Engine/Plugins/Runtime/OpenXR/Content/Devices/OculusTouch_v2/Right/right_OculusTouch_v2Controller.uexp" 492
"../../../Engine/Plugins/Runtime/OpenXR/Content/Devices/OculusTouch_v3/MRTexture.uasset" 493
"../../../Engine/Plugins/Runtime/OpenXR/Content/Devices/OculusTouch_v3/MRTexture.uexp" 494
"../../../Engine/Plugins/Runtime/OpenXR/Content/Devices/OculusTouch_v3/MRTexture.ubulk" 495
"../../../Engine/Plugins/Runtime/OpenXR/Content/Devices/OculusTouch_v3/BaseTexture.uasset" 496
"../../../Engine/Plugins/Runtime/OpenXR/Content/Devices/OculusTouch_v3/BaseTexture.uexp" 497
"../../../Engine/Plugins/Runtime/OpenXR/Content/Devices/OculusTouch_v3/BaseTexture.ubulk" 498
"../../../Engine/Plugins/Runtime/OpenXR/Content/Devices/OculusTouch_v3/MI_OculusTouch_v3.uasset" 499
"../../../Engine/Plugins/Runtime/OpenXR/Content/Devices/OculusTouch_v3/MI_OculusTouch_v3.uexp" 500
"../../../Engine/Plugins/Runtime/OpenXR/Content/Devices/OculusTouch_v3/Left/left_OculusTouch_v3Controller.uasset" 501
"../../../Engine/Plugins/Runtime/OpenXR/Content/Devices/OculusTouch_v3/Left/left_OculusTouch_v3Controller.uexp" 502
"../../../Engine/Plugins/Runtime/OpenXR/Content/Devices/OculusTouch_v3/Right/right_OculusTouch_v3Controller.uasset" 503
"../../../Engine/Plugins/Runtime/OpenXR/Content/Devices/OculusTouch_v3/Right/right_OculusTouch_v3Controller.uexp" 504
"../../../Engine/Plugins/Runtime/OpenXR/Content/Devices/ValveIndex/MRTexture.uasset" 505
"../../../Engine/Plugins/Runtime/OpenXR/Content/Devices/ValveIndex/MRTexture.uexp" 506
"../../../Engine/Plugins/Runtime/OpenXR/Content/Devices/ValveIndex/MRTexture.ubulk" 507
"../../../Engine/Plugins/Runtime/OpenXR/Content/Devices/ValveIndex/BaseTexture.uasset" 508
"../../../Engine/Plugins/Runtime/OpenXR/Content/Devices/ValveIndex/BaseTexture.uexp" 509
"../../../Engine/Plugins/Runtime/OpenXR/Content/Devices/ValveIndex/BaseTexture.ubulk" 510
"../../../Engine/Plugins/Runtime/OpenXR/Content/Devices/ValveIndex/Left/MI_left_ValveIndex.uasset" 511
"../../../Engine/Plugins/Runtime/OpenXR/Content/Devices/ValveIndex/Left/MI_left_ValveIndex.uexp" 512
"../../../Engine/Plugins/Runtime/OpenXR/Content/Devices/ValveIndex/Left/left_ValveIndexController.uasset" 513
"../../../Engine/Plugins/Runtime/OpenXR/Content/Devices/ValveIndex/Left/left_ValveIndexController.uexp" 514
"../../../Engine/Plugins/Runtime/OpenXR/Content/Devices/ValveIndex/Right/MI_right_ValveIndex.uasset" 515
"../../../Engine/Plugins/Runtime/OpenXR/Content/Devices/ValveIndex/Right/MI_right_ValveIndex.uexp" 516
"../../../Engine/Plugins/Runtime/OpenXR/Content/Devices/ValveIndex/Right/right_ValveIndexController.uasset" 517
"../../../Engine/Plugins/Runtime/OpenXR/Content/Devices/ValveIndex/Right/right_ValveIndexController.uexp" 518
"../../../Engine/Content/Functions/Engine_MaterialFunctions02/Utility/BreakOutFloat4Components.uasset" 519
"../../../Engine/Content/Functions/Engine_MaterialFunctions02/Utility/BreakOutFloat4Components.uexp" 520
"../../../Engine/Content/Functions/Engine_MaterialFunctions02/Utility/MakeFloat3.uasset" 521
"../../../Engine/Content/Functions/Engine_MaterialFunctions02/Utility/MakeFloat3.uexp" 522
"../../../Engine/Plugins/Runtime/Oculus/OculusVR/Content/Materials/OculusMR_ChromaKey.uasset" 523
"../../../Engine/Plugins/Runtime/Oculus/OculusVR/Content/Materials/OculusMR_ChromaKey.uexp" 524
"../../../Engine/Plugins/Runtime/Oculus/OculusVR/Content/Materials/OculusMR_OpaqueColoredMaterial.uasset" 525
"../../../Engine/Plugins/Runtime/Oculus/OculusVR/Content/Materials/OculusMR_OpaqueColoredMaterial.uexp" 526
"../../../Engine/Plugins/Runtime/Oculus/OculusVR/Content/Materials/PokeAHoleMaterial.uasset" 527
"../../../Engine/Plugins/Runtime/Oculus/OculusVR/Content/Materials/PokeAHoleMaterial.uexp" 528
"../../../Engine/Plugins/Runtime/Oculus/OculusVR/Content/Textures/touchController_controlmap.uasset" 529
"../../../Engine/Plugins/Runtime/Oculus/OculusVR/Content/Textures/touchController_controlmap.uexp" 530
"../../../Engine/Plugins/Runtime/Oculus/OculusVR/Content/Textures/touchController_controlmap.ubulk" 531
"../../../Engine/Plugins/Runtime/Oculus/OculusVR/Content/Textures/touchController_albedo.uasset" 532
"../../../Engine/Plugins/Runtime/Oculus/OculusVR/Content/Textures/touchController_albedo.uexp" 533
"../../../Engine/Plugins/Runtime/Oculus/OculusVR/Content/Textures/touchController_albedo.ubulk" 534
"../../../Engine/Plugins/Runtime/Oculus/OculusVR/Content/Materials/touchController_mat.uasset" 535
"../../../Engine/Plugins/Runtime/Oculus/OculusVR/Content/Materials/touchController_mat.uexp" 536
"../../../Engine/Plugins/Runtime/Oculus/OculusVR/Content/Meshes/LeftTouchController.uasset" 537
"../../../Engine/Plugins/Runtime/Oculus/OculusVR/Content/Meshes/LeftTouchController.uexp" 538
"../../../Engine/Plugins/Runtime/Oculus/OculusVR/Content/Textures/TouchForQuestRiftSController_albedo.uasset" 539
"../../../Engine/Plugins/Runtime/Oculus/OculusVR/Content/Textures/TouchForQuestRiftSController_albedo.uexp" 540
"../../../Engine/Plugins/Runtime/Oculus/OculusVR/Content/Textures/TouchForQuestRiftSController_albedo.ubulk" 541
"../../../Engine/Plugins/Runtime/Oculus/OculusVR/Content/Materials/TouchForQuestRiftSControllerMaterial.uasset" 542
"../../../Engine/Plugins/Runtime/Oculus/OculusVR/Content/Materials/TouchForQuestRiftSControllerMaterial.uexp" 543
"../../../Engine/Plugins/Runtime/Oculus/OculusVR/Content/Meshes/LeftTouchForQuestRiftSController.uasset" 544
"../../../Engine/Plugins/Runtime/Oculus/OculusVR/Content/Meshes/LeftTouchForQuestRiftSController.uexp" 545
"../../../Engine/Plugins/Runtime/Oculus/OculusVR/Content/Meshes/RiftHMD.uasset" 546
"../../../Engine/Plugins/Runtime/Oculus/OculusVR/Content/Meshes/RiftHMD.uexp" 547
"../../../Engine/Plugins/Runtime/Oculus/OculusVR/Content/Meshes/RightTouchController.uasset" 548
"../../../Engine/Plugins/Runtime/Oculus/OculusVR/Content/Meshes/RightTouchController.uexp" 549
"../../../Engine/Plugins/Runtime/Oculus/OculusVR/Content/Meshes/RightTouchForQuestRiftSController.uasset" 550
"../../../Engine/Plugins/Runtime/Oculus/OculusVR/Content/Meshes/RightTouchForQuestRiftSController.uexp" 551
"../../../Engine/Content/MapTemplates/SM_Template_Map_Floor.uasset" 552
"../../../Engine/Content/MapTemplates/SM_Template_Map_Floor.uexp" 553
"../../../Engine/Content/EngineSky/T_Sky_Stars.uasset" 554
"../../../Engine/Content/EngineSky/T_Sky_Stars.uexp" 555
"../../../Engine/Content/EngineSky/T_Sky_Stars.ubulk" 556
"../../../Engine/Content/EngineSky/T_Sky_Clouds_M.uasset" 557
"../../../Engine/Content/EngineSky/T_Sky_Clouds_M.uexp" 558
"../../../Engine/Content/EngineSky/T_Sky_Clouds_M.ubulk" 559
"../../../Engine/Content/EngineSky/T_Sky_Blue.uasset" 560
"../../../Engine/Content/EngineSky/T_Sky_Blue.uexp" 561
"../../../Engine/Content/EngineSky/T_Sky_Blue.ubulk" 562
"../../../Engine/Content/EngineSky/M_Sky_Panning_Clouds2.uasset" 563
"../../../Engine/Content/EngineSky/M_Sky_Panning_Clouds2.uexp" 564
"D:/Making games/ZmeykaGame/Content/Main_BuiltData.uasset" 565
"D:/Making games/ZmeykaGame/Content/Main_BuiltData.uexp" 566
"D:/Making games/ZmeykaGame/Content/Main_BuiltData.ubulk" 567
"../../../Engine/Content/EditorMaterials/MatineeGroups/MAT_ColorTrack.uasset" 568
"../../../Engine/Content/EditorMaterials/MatineeGroups/MAT_ColorTrack.uexp" 569
"../../../Engine/Content/EditorMaterials/MatineeGroups/MAT_ColorTrack_Mat.uasset" 570
"../../../Engine/Content/EditorMaterials/MatineeGroups/MAT_ColorTrack_Mat.uexp" 571
"D:/Making games/ZmeykaGame/Content/SharikunichtozhitelBP.uasset" 572
"D:/Making games/ZmeykaGame/Content/SharikunichtozhitelBP.uexp" 573
"D:/Making games/ZmeykaGame/Content/e8fb50e9731d938d6c59e9051a26de2e.uasset" 574
"D:/Making games/ZmeykaGame/Content/e8fb50e9731d938d6c59e9051a26de2e.uexp" 575
"D:/Making games/ZmeykaGame/Content/e8fb50e9731d938d6c59e9051a26de2e_Mat.uasset" 576
"D:/Making games/ZmeykaGame/Content/e8fb50e9731d938d6c59e9051a26de2e_Mat.uexp" 577
"D:/Making games/ZmeykaGame/Content/PortalBP.uasset" 578
"D:/Making games/ZmeykaGame/Content/PortalBP.uexp" 579
"D:/Making games/ZmeykaGame/Content/TeleportBP.uasset" 580
"D:/Making games/ZmeykaGame/Content/TeleportBP.uexp" 581
"../../../Engine/Content/EngineSky/SM_SkySphere.uasset" 582
"../../../Engine/Content/EngineSky/SM_SkySphere.uexp" 583
"../../../Engine/Content/EngineSky/C_Sky_Zenith_Color.uasset" 584
"../../../Engine/Content/EngineSky/C_Sky_Zenith_Color.uexp" 585
"../../../Engine/Content/EngineSky/C_Sky_Horizon_Color.uasset" 586
"../../../Engine/Content/EngineSky/C_Sky_Horizon_Color.uexp" 587
"../../../Engine/Content/EngineSky/C_Sky_Cloud_Color.uasset" 588
"../../../Engine/Content/EngineSky/C_Sky_Cloud_Color.uexp" 589
"../../../Engine/Content/EditorBlueprintResources/StandardMacros.uasset" 590
"../../../Engine/Content/EditorBlueprintResources/StandardMacros.uexp" 591
"../../../Engine/Content/EngineSky/BP_Sky_Sphere.uasset" 592
"../../../Engine/Content/EngineSky/BP_Sky_Sphere.uexp" 593
"D:/Making games/ZmeykaGame/Content/Main.uexp" 594
"D:/Making games/ZmeykaGame/Content/Main.umap" 595
"../../../Engine/Content/Maps/Entry_BuiltData.uasset" 596
"../../../Engine/Content/Maps/Entry_BuiltData.uexp" 597
"../../../Engine/Content/Maps/Entry.uexp" 598
"../../../Engine/Content/Maps/Entry.umap" 599
