"D:/Making games/ZmeykaGame/Content/MenuWidgetBP.uasset" 0
"D:/Making games/ZmeykaGame/Content/MenuWidgetBP.uexp" 1
"../../../Engine/Content/EngineMaterials/T_Default_Material_Grid_N.uasset" 2
"../../../Engine/Content/EngineMaterials/T_Default_Material_Grid_N.uexp" 3
"../../../Engine/Content/EngineMaterials/T_Default_Material_Grid_N.ubulk" 4
"../../../Engine/Content/EngineMaterials/T_Default_Material_Grid_M.uasset" 5
"../../../Engine/Content/EngineMaterials/T_Default_Material_Grid_M.uexp" 6
"../../../Engine/Content/EngineMaterials/T_Default_Material_Grid_M.ubulk" 7
"../../../Engine/Content/Functions/Engine_MaterialFunctions01/Opacity/CameraDepthFade.uasset" 8
"../../../Engine/Content/Functions/Engine_MaterialFunctions01/Opacity/CameraDepthFade.uexp" 9
"../../../Engine/Content/EngineMaterials/DefaultMaterial.uasset" 10
"../../../Engine/Content/EngineMaterials/DefaultMaterial.uexp" 11
"../../../Engine/Content/BasicShapes/Sphere.uasset" 12
"../../../Engine/Content/BasicShapes/Sphere.uexp" 13
"D:/Making games/ZmeykaGame/Content/Neo_mat.uasset" 14
"D:/Making games/ZmeykaGame/Content/Neo_mat.uexp" 15
"D:/Making games/ZmeykaGame/Content/Neo_mat_Inst5.uasset" 16
"D:/Making games/ZmeykaGame/Content/Neo_mat_Inst5.uexp" 17
"D:/Making games/ZmeykaGame/Content/Neo_mat_Inst4.uasset" 18
"D:/Making games/ZmeykaGame/Content/Neo_mat_Inst4.uexp" 19
"D:/Making games/ZmeykaGame/Content/FoodBP.uasset" 20
"D:/Making games/ZmeykaGame/Content/FoodBP.uexp" 21
"D:/Making games/ZmeykaGame/Content/BonusUskoreniyeBP.uasset" 22
"D:/Making games/ZmeykaGame/Content/BonusUskoreniyeBP.uexp" 23
"../../../Engine/Content/EngineMaterials/WorldGridMaterial.uasset" 24
"../../../Engine/Content/EngineMaterials/WorldGridMaterial.uexp" 25
"../../../Engine/Content/BasicShapes/Cube.uasset" 26
"../../../Engine/Content/BasicShapes/Cube.uexp" 27
"D:/Making games/ZmeykaGame/Content/Neo_mat_Inst2.uasset" 28
"D:/Making games/ZmeykaGame/Content/Neo_mat_Inst2.uexp" 29
"D:/Making games/ZmeykaGame/Content/Neo_mat_Inst.uasset" 30
"D:/Making games/ZmeykaGame/Content/Neo_mat_Inst.uexp" 31
"D:/Making games/ZmeykaGame/Content/ZmeykaElemBP.uasset" 32
"D:/Making games/ZmeykaGame/Content/ZmeykaElemBP.uexp" 33
"D:/Making games/ZmeykaGame/Content/ZmeykaBP.uasset" 34
"D:/Making games/ZmeykaGame/Content/ZmeykaBP.uexp" 35
"D:/Making games/ZmeykaGame/Content/Neo_mat_Inst3.uasset" 36
"D:/Making games/ZmeykaGame/Content/Neo_mat_Inst3.uexp" 37
"D:/Making games/ZmeykaGame/Content/Neo_mat_Inst1.uasset" 38
"D:/Making games/ZmeykaGame/Content/Neo_mat_Inst1.uexp" 39
"D:/Making games/ZmeykaGame/Content/ZBossElemBP.uasset" 40
"D:/Making games/ZmeykaGame/Content/ZBossElemBP.uexp" 41
"D:/Making games/ZmeykaGame/Content/ZmeyBossBP.uasset" 42
"D:/Making games/ZmeykaGame/Content/ZmeyBossBP.uexp" 43
"D:/Making games/ZmeykaGame/Content/PlayerPawnBP.uasset" 44
"D:/Making games/ZmeykaGame/Content/PlayerPawnBP.uexp" 45
"D:/Making games/ZmeykaGame/Content/ZmeykaGameModeBP.uasset" 46
"D:/Making games/ZmeykaGame/Content/ZmeykaGameModeBP.uexp" 47
"../../../Engine/Content/ArtTools/RenderToTexture/Meshes/S_1_Unit_Plane.uasset" 48
"../../../Engine/Content/ArtTools/RenderToTexture/Meshes/S_1_Unit_Plane.uexp" 49
"../../../Engine/Content/BasicShapes/Cone.uasset" 50
"../../../Engine/Content/BasicShapes/Cone.uexp" 51
"../../../Engine/Content/BasicShapes/Plane.uasset" 52
"../../../Engine/Content/BasicShapes/Plane.uexp" 53
"../../../Engine/Content/EditorLandscapeResources/DataLayer.uasset" 54
"../../../Engine/Content/EditorLandscapeResources/DataLayer.uexp" 55
"../../../Engine/Content/EditorLandscapeResources/DefaultAlphaTexture.uasset" 56
"../../../Engine/Content/EditorLandscapeResources/DefaultAlphaTexture.uexp" 57
"../../../Engine/Content/EditorMaterials/MAT_Groups_Toggle.uasset" 58
"../../../Engine/Content/EditorMaterials/MAT_Groups_Toggle.uexp" 59
"../../../Engine/Content/EditorMaterials/MAT_Groups_Visibility.uasset" 60
"../../../Engine/Content/EditorMaterials/MAT_Groups_Visibility.uexp" 61
"../../../Engine/Content/EditorMaterials/PreviewShadowIndicator.uasset" 62
"../../../Engine/Content/EditorMaterials/PreviewShadowIndicator.uexp" 63
"../../../Engine/Content/EditorMaterials/PreviewShadowIndicator.ubulk" 64
"../../../Engine/Content/EditorMaterials/PreviewShadowIndicatorMaterial.uasset" 65
"../../../Engine/Content/EditorMaterials/PreviewShadowIndicatorMaterial.uexp" 66
"../../../Engine/Content/EditorMaterials/MatineeGroups/MAT_Groups_Anim.uasset" 67
"../../../Engine/Content/EditorMaterials/MatineeGroups/MAT_Groups_Anim.uexp" 68
"../../../Engine/Content/EditorMaterials/MatineeGroups/MAT_Groups_AudioMaster.uasset" 69
"../../../Engine/Content/EditorMaterials/MatineeGroups/MAT_Groups_AudioMaster.uexp" 70
"../../../Engine/Content/EditorMaterials/MatineeGroups/MAT_Groups_Director.uasset" 71
"../../../Engine/Content/EditorMaterials/MatineeGroups/MAT_Groups_Director.uexp" 72
"../../../Engine/Content/EditorMaterials/MatineeGroups/MAT_Groups_Event.uasset" 73
"../../../Engine/Content/EditorMaterials/MatineeGroups/MAT_Groups_Event.uexp" 74
"../../../Engine/Content/EditorMaterials/MatineeGroups/MAT_Groups_Fade.uasset" 75
"../../../Engine/Content/EditorMaterials/MatineeGroups/MAT_Groups_Fade.uexp" 76
"../../../Engine/Content/EditorMaterials/MatineeGroups/MAT_Groups_Float.uasset" 77
"../../../Engine/Content/EditorMaterials/MatineeGroups/MAT_Groups_Float.uexp" 78
"../../../Engine/Content/EditorMaterials/MatineeGroups/MAT_Groups_Move.uasset" 79
"../../../Engine/Content/EditorMaterials/MatineeGroups/MAT_Groups_Move.uexp" 80
"../../../Engine/Content/EditorMaterials/MatineeGroups/MAT_Groups_Slomo.uasset" 81
"../../../Engine/Content/EditorMaterials/MatineeGroups/MAT_Groups_Slomo.uexp" 82
"../../../Engine/Content/EditorMaterials/MatineeGroups/MAT_Groups_Sound.uasset" 83
"../../../Engine/Content/EditorMaterials/MatineeGroups/MAT_Groups_Sound.uexp" 84
"../../../Engine/Content/EditorMaterials/MatineeGroups/MAT_Groups_Vector.uasset" 85
"../../../Engine/Content/EditorMaterials/MatineeGroups/MAT_Groups_Vector.uexp" 86
"../../../Engine/Content/EditorMaterials/ParticleSystems/PSysThumbnail_NoImage.uasset" 87
"../../../Engine/Content/EditorMaterials/ParticleSystems/PSysThumbnail_NoImage.uexp" 88
"../../../Engine/Content/EditorMaterials/ParticleSystems/PSysThumbnail_NoImage.ubulk" 89
"../../../Engine/Content/EditorMaterials/ParticleSystems/PSysThumbnail_OOD.uasset" 90
"../../../Engine/Content/EditorMaterials/ParticleSystems/PSysThumbnail_OOD.uexp" 91
"../../../Engine/Content/EditorMaterials/ParticleSystems/PSysThumbnail_OOD.ubulk" 92
"../../../Engine/Content/EditorMaterials/Camera/CineMat.uasset" 93
"../../../Engine/Content/EditorMaterials/Camera/CineMat.uexp" 94
"../../../Engine/Content/EditorMaterials/Camera/MI_CineMat_Rig.uasset" 95
"../../../Engine/Content/EditorMaterials/Camera/MI_CineMat_Rig.uexp" 96
"../../../Engine/Content/EditorMeshes/Camera/SM_CraneRig_Arm.uasset" 97
"../../../Engine/Content/EditorMeshes/Camera/SM_CraneRig_Arm.uexp" 98
"../../../Engine/Content/EditorMeshes/Camera/SM_CraneRig_Base.uasset" 99
"../../../Engine/Content/EditorMeshes/Camera/SM_CraneRig_Base.uexp" 100
"../../../Engine/Content/EditorMeshes/Camera/SM_CraneRig_Body.uasset" 101
"../../../Engine/Content/EditorMeshes/Camera/SM_CraneRig_Body.uexp" 102
"../../../Engine/Content/EditorMeshes/Camera/SM_CraneRig_Mount.uasset" 103
"../../../Engine/Content/EditorMeshes/Camera/SM_CraneRig_Mount.uexp" 104
"../../../Engine/Content/EditorMeshes/Camera/SM_RailRig_Mount.uasset" 105
"../../../Engine/Content/EditorMeshes/Camera/SM_RailRig_Mount.uexp" 106
"../../../Engine/Content/EditorMeshes/Camera/SM_RailRig_Track.uasset" 107
"../../../Engine/Content/EditorMeshes/Camera/SM_RailRig_Track.uexp" 108
"../../../Engine/Content/EditorResources/BSPVertex.uasset" 109
"../../../Engine/Content/EditorResources/BSPVertex.uexp" 110
"../../../Engine/Content/EditorResources/EmptyActor.uasset" 111
"../../../Engine/Content/EditorResources/EmptyActor.uexp" 112
"../../../Engine/Content/EditorResources/S_Actor.uasset" 113
"../../../Engine/Content/EditorResources/S_Actor.uexp" 114
"../../../Engine/Content/EditorResources/S_Actor.ubulk" 115
"../../../Engine/Content/EditorResources/S_Note.uasset" 116
"../../../Engine/Content/EditorResources/S_Note.uexp" 117
"../../../Engine/Content/EditorResources/S_Note.ubulk" 118
"../../../Engine/Content/EditorResources/S_Solver.uasset" 119
"../../../Engine/Content/EditorResources/S_Solver.uexp" 120
"../../../Engine/Content/EditorResources/S_Solver.ubulk" 121
"../../../Engine/Content/EditorResources/S_Terrain.uasset" 122
"../../../Engine/Content/EditorResources/S_Terrain.uexp" 123
"../../../Engine/Content/EditorResources/S_Terrain.ubulk" 124
"../../../Engine/Content/EditorResources/S_Trigger.uasset" 125
"../../../Engine/Content/EditorResources/S_Trigger.uexp" 126
"../../../Engine/Content/EditorResources/S_Trigger.ubulk" 127
"../../../Engine/Content/EditorResources/LightIcons/S_LightError.uasset" 128
"../../../Engine/Content/EditorResources/LightIcons/S_LightError.uexp" 129
"../../../Engine/Content/EditorResources/SequenceRecorder/Countdown.uasset" 130
"../../../Engine/Content/EditorResources/SequenceRecorder/Countdown.uexp" 131
"../../../Engine/Content/EditorResources/SequenceRecorder/RecordingIndicator.uasset" 132
"../../../Engine/Content/EditorResources/SequenceRecorder/RecordingIndicator.uexp" 133
"../../../Engine/Content/EngineDamageTypes/DmgTypeBP_Environmental.uasset" 134
"../../../Engine/Content/EngineDamageTypes/DmgTypeBP_Environmental.uexp" 135
"../../../Engine/Content/EngineDebugMaterials/DebugEditorMaterial.uasset" 136
"../../../Engine/Content/EngineDebugMaterials/DebugEditorMaterial.uexp" 137
"../../../Engine/Content/EngineDebugMaterials/DebugMeshMaterial.uasset" 138
"../../../Engine/Content/EngineDebugMaterials/DebugMeshMaterial.uexp" 139
"../../../Engine/Content/EngineDebugMaterials/M_SimpleUnlitTranslucent.uasset" 140
"../../../Engine/Content/EngineDebugMaterials/M_SimpleUnlitTranslucent.uexp" 141
"../../../Engine/Content/EngineDebugMaterials/VolumeToRender.uasset" 142
"../../../Engine/Content/EngineDebugMaterials/VolumeToRender.uexp" 143
"../../../Engine/Content/Functions/Engine_MaterialFunctions02/Utility/CameraDirectionVector.uasset" 144
"../../../Engine/Content/Functions/Engine_MaterialFunctions02/Utility/CameraDirectionVector.uexp" 145
"../../../Engine/Content/EngineDebugMaterials/M_VolumeRenderSphereTracePP.uasset" 146
"../../../Engine/Content/EngineDebugMaterials/M_VolumeRenderSphereTracePP.uexp" 147
"../../../Engine/Content/Functions/Engine_MaterialFunctions01/Shading/ConvertFromDiffSpec.uasset" 148
"../../../Engine/Content/Functions/Engine_MaterialFunctions01/Shading/ConvertFromDiffSpec.uexp" 149
"../../../Engine/Content/EngineDebugMaterials/VertexColorMaterial.uasset" 150
"../../../Engine/Content/EngineDebugMaterials/VertexColorMaterial.uexp" 151
"../../../Engine/Content/EngineDebugMaterials/WireframeMaterial.uasset" 152
"../../../Engine/Content/EngineDebugMaterials/WireframeMaterial.uexp" 153
"../../../Engine/Content/EngineFonts/Faces/RobotoRegular.uasset" 154
"../../../Engine/Content/EngineFonts/Faces/RobotoRegular.uexp" 155
"../../../Engine/Content/EngineFonts/Faces/RobotoRegular.ufont" 156
"../../../Engine/Content/EngineFonts/Faces/RobotoLight.uasset" 157
"../../../Engine/Content/EngineFonts/Faces/RobotoLight.uexp" 158
"../../../Engine/Content/EngineFonts/Faces/RobotoLight.ufont" 159
"../../../Engine/Content/EngineFonts/Faces/RobotoItalic.uasset" 160
"../../../Engine/Content/EngineFonts/Faces/RobotoItalic.uexp" 161
"../../../Engine/Content/EngineFonts/Faces/RobotoItalic.ufont" 162
"../../../Engine/Content/EngineFonts/Faces/RobotoBoldItalic.uasset" 163
"../../../Engine/Content/EngineFonts/Faces/RobotoBoldItalic.uexp" 164
"../../../Engine/Content/EngineFonts/Faces/RobotoBoldItalic.ufont" 165
"../../../Engine/Content/EngineFonts/Faces/RobotoBold.uasset" 166
"../../../Engine/Content/EngineFonts/Faces/RobotoBold.uexp" 167
"../../../Engine/Content/EngineFonts/Faces/RobotoBold.ufont" 168
"../../../Engine/Content/EngineFonts/Faces/DroidSansFallback.uasset" 169
"../../../Engine/Content/EngineFonts/Faces/DroidSansFallback.uexp" 170
"../../../Engine/Content/EngineFonts/Faces/DroidSansFallback.ufont" 171
"../../../Engine/Content/EngineFonts/Roboto.uasset" 172
"../../../Engine/Content/EngineFonts/Roboto.uexp" 173
"../../../Engine/Content/EngineMaterials/BaseFlattenNormalMap.uasset" 174
"../../../Engine/Content/EngineMaterials/BaseFlattenNormalMap.uexp" 175
"../../../Engine/Content/EngineMaterials/BaseFlattenGrayscaleMap.uasset" 176
"../../../Engine/Content/EngineMaterials/BaseFlattenGrayscaleMap.uexp" 177
"../../../Engine/Content/EngineMaterials/BaseFlattenEmissiveMap.uasset" 178
"../../../Engine/Content/EngineMaterials/BaseFlattenEmissiveMap.uexp" 179
"../../../Engine/Content/EngineMaterials/BaseFlattenDiffuseMap.uasset" 180
"../../../Engine/Content/EngineMaterials/BaseFlattenDiffuseMap.uexp" 181
"../../../Engine/Content/EngineMaterials/BaseFlattenMaterial.uasset" 182
"../../../Engine/Content/EngineMaterials/BaseFlattenMaterial.uexp" 183
"../../../Engine/Content/EngineMaterials/BlueNoise.uasset" 184
"../../../Engine/Content/EngineMaterials/BlueNoise.uexp" 185
"../../../Engine/Content/EngineMaterials/DefaultBloomKernel.uasset" 186
"../../../Engine/Content/EngineMaterials/DefaultBloomKernel.uexp" 187
"../../../Engine/Content/EngineMaterials/DefaultBokeh.uasset" 188
"../../../Engine/Content/EngineMaterials/DefaultBokeh.uexp" 189
"../../../Engine/Content/EngineMaterials/DefaultDiffuse.uasset" 190
"../../../Engine/Content/EngineMaterials/DefaultDiffuse.uexp" 191
"../../../Engine/Content/EngineMaterials/DefaultDiffuse.ubulk" 192
"../../../Engine/Content/EngineMaterials/DefaultDeferredDecalMaterial.uasset" 193
"../../../Engine/Content/EngineMaterials/DefaultDeferredDecalMaterial.uexp" 194
"../../../Engine/Content/EngineMaterials/DefaultLightFunctionMaterial.uasset" 195
"../../../Engine/Content/EngineMaterials/DefaultLightFunctionMaterial.uexp" 196
"../../../Engine/Content/EngineMaterials/DefaultPhysicalMaterial.uasset" 197
"../../../Engine/Content/EngineMaterials/DefaultPhysicalMaterial.uexp" 198
"../../../Engine/Content/Functions/Engine_MaterialFunctions02/Utility/BreakOutFloat2Components.uasset" 199
"../../../Engine/Content/Functions/Engine_MaterialFunctions02/Utility/BreakOutFloat2Components.uexp" 200
"../../../Engine/Content/EngineMaterials/DefaultPostProcessMaterial.uasset" 201
"../../../Engine/Content/EngineMaterials/DefaultPostProcessMaterial.uexp" 202
"../../../Engine/Content/EngineFonts/RobotoDistanceField.uasset" 203
"../../../Engine/Content/EngineFonts/RobotoDistanceField.uexp" 204
"../../../Engine/Content/EngineMaterials/DefaultTextMaterialOpaque.uasset" 205
"../../../Engine/Content/EngineMaterials/DefaultTextMaterialOpaque.uexp" 206
"../../../Engine/Content/EngineMaterials/DefaultWhiteGrid.uasset" 207
"../../../Engine/Content/EngineMaterials/DefaultWhiteGrid.uexp" 208
"../../../Engine/Content/EngineMaterials/DefaultWhiteGrid.ubulk" 209
"../../../Engine/Content/EngineMaterials/DefaultWhiteGrid_Low.uasset" 210
"../../../Engine/Content/EngineMaterials/DefaultWhiteGrid_Low.uexp" 211
"../../../Engine/Content/EngineMaterials/EmissiveMeshMaterial.uasset" 212
"../../../Engine/Content/EngineMaterials/EmissiveMeshMaterial.uexp" 213
"../../../Engine/Content/EngineMaterials/GizmoMaterial.uasset" 214
"../../../Engine/Content/EngineMaterials/GizmoMaterial.uexp" 215
"../../../Engine/Content/EngineMaterials/Good64x64TilingNoiseHighFreq.uasset" 216
"../../../Engine/Content/EngineMaterials/Good64x64TilingNoiseHighFreq.uexp" 217
"../../../Engine/Content/EngineMaterials/MiniFont.uasset" 218
"../../../Engine/Content/EngineMaterials/MiniFont.uexp" 219
"../../../Engine/Content/EngineMaterials/InvalidLightmapSettings.uasset" 220
"../../../Engine/Content/EngineMaterials/InvalidLightmapSettings.uexp" 221
"../../../Engine/Content/EngineMaterials/InvalidLightmapSettings.ubulk" 222
"../../../Engine/Content/EngineMaterials/M_InvalidLightmapSettings.uasset" 223
"../../../Engine/Content/EngineMaterials/M_InvalidLightmapSettings.uexp" 224
"../../../Engine/Content/Functions/Engine_MaterialFunctions02/WorldPositionOffset/CameraOffset.uasset" 225
"../../../Engine/Content/Functions/Engine_MaterialFunctions02/WorldPositionOffset/CameraOffset.uexp" 226
"../../../Engine/Content/EngineMaterials/PhAT_JointLimitMaterial.uasset" 227
"../../../Engine/Content/EngineMaterials/PhAT_JointLimitMaterial.uexp" 228
"../../../Engine/Content/EngineMaterials/DefaultCalibrationColor.uasset" 229
"../../../Engine/Content/EngineMaterials/DefaultCalibrationColor.uexp" 230
"../../../Engine/Content/EngineMaterials/PPM_DefaultCalibrationColor.uasset" 231
"../../../Engine/Content/EngineMaterials/PPM_DefaultCalibrationColor.uexp" 232
"../../../Engine/Content/EngineMaterials/DefaultCalibrationGrayscale.uasset" 233
"../../../Engine/Content/EngineMaterials/DefaultCalibrationGrayscale.uexp" 234
"../../../Engine/Content/EngineMaterials/PPM_DefaultCalibrationGrayscale.uasset" 235
"../../../Engine/Content/EngineMaterials/PPM_DefaultCalibrationGrayscale.uexp" 236
"../../../Engine/Content/EngineMaterials/PreintegratedSkinBRDF.uasset" 237
"../../../Engine/Content/EngineMaterials/PreintegratedSkinBRDF.uexp" 238
"../../../Engine/Content/EngineMaterials/RemoveSurfaceMaterial.uasset" 239
"../../../Engine/Content/EngineMaterials/RemoveSurfaceMaterial.uexp" 240
"../../../Engine/Content/EngineMaterials/WeightMapPlaceholderTexture.uasset" 241
"../../../Engine/Content/EngineMaterials/WeightMapPlaceholderTexture.uexp" 242
"../../../Engine/Content/EngineResources/WhiteSquareTexture.uasset" 243
"../../../Engine/Content/EngineResources/WhiteSquareTexture.uexp" 244
"../../../Engine/Content/EngineMaterials/Widget3DPassThrough.uasset" 245
"../../../Engine/Content/EngineMaterials/Widget3DPassThrough.uexp" 246
"../../../Engine/Content/EngineMaterials/Widget3DPassThrough_Masked.uasset" 247
"../../../Engine/Content/EngineMaterials/Widget3DPassThrough_Masked.uexp" 248
"../../../Engine/Content/EngineMaterials/Widget3DPassThrough_Opaque.uasset" 249
"../../../Engine/Content/EngineMaterials/Widget3DPassThrough_Opaque.uexp" 250
"../../../Engine/Content/EngineMaterials/Widget3DPassThrough_Masked_OneSided.uasset" 251
"../../../Engine/Content/EngineMaterials/Widget3DPassThrough_Masked_OneSided.uexp" 252
"../../../Engine/Content/EngineMaterials/Widget3DPassThrough_Opaque_OneSided.uasset" 253
"../../../Engine/Content/EngineMaterials/Widget3DPassThrough_Opaque_OneSided.uexp" 254
"../../../Engine/Content/EngineMaterials/Widget3DPassThrough_Translucent.uasset" 255
"../../../Engine/Content/EngineMaterials/Widget3DPassThrough_Translucent.uexp" 256
"../../../Engine/Content/EngineMaterials/Widget3DPassThrough_Translucent_OneSided.uasset" 257
"../../../Engine/Content/EngineMaterials/Widget3DPassThrough_Translucent_OneSided.uexp" 258
"../../../Engine/Content/EngineMeshes/Cylinder.uasset" 259
"../../../Engine/Content/EngineMeshes/Cylinder.uexp" 260
"../../../Engine/Content/EngineMeshes/Sphere.uasset" 261
"../../../Engine/Content/EngineMeshes/Sphere.uexp" 262
"../../../Engine/Content/EngineResources/DefaultTexture.uasset" 263
"../../../Engine/Content/EngineResources/DefaultTexture.uexp" 264
"../../../Engine/Content/EngineResources/DefaultTexture.ubulk" 265
"../../../Engine/Content/EngineResources/DefaultTextureCube.uasset" 266
"../../../Engine/Content/EngineResources/DefaultTextureCube.uexp" 267
"../../../Engine/Content/EngineResources/DefaultVolumeTexture2D.uasset" 268
"../../../Engine/Content/EngineResources/DefaultVolumeTexture2D.uexp" 269
"../../../Engine/Content/EngineResources/DefaultVolumeTexture.uasset" 270
"../../../Engine/Content/EngineResources/DefaultVolumeTexture.uexp" 271
"../../../Engine/Content/EngineResources/GradientTexture0.uasset" 272
"../../../Engine/Content/EngineResources/GradientTexture0.uexp" 273
"../../../Engine/Content/EngineSky/VolumetricClouds/T_NoiseShape64.uasset" 274
"../../../Engine/Content/EngineSky/VolumetricClouds/T_NoiseShape64.uexp" 275
"../../../Engine/Content/EngineSky/VolumetricClouds/T_NoiseShape64.ubulk" 276
"../../../Engine/Content/EngineSky/VolumetricClouds/T_VolumeNoiseShape64.uasset" 277
"../../../Engine/Content/EngineSky/VolumetricClouds/T_VolumeNoiseShape64.uexp" 278
"../../../Engine/Content/EngineSky/VolumetricClouds/T_NoiseErosion.uasset" 279
"../../../Engine/Content/EngineSky/VolumetricClouds/T_NoiseErosion.uexp" 280
"../../../Engine/Content/EngineSky/VolumetricClouds/T_NoiseErosion.ubulk" 281
"../../../Engine/Content/EngineSky/VolumetricClouds/T_VolumeNoiseErosion32.uasset" 282
"../../../Engine/Content/EngineSky/VolumetricClouds/T_VolumeNoiseErosion32.uexp" 283
"../../../Engine/Content/EngineSky/VolumetricClouds/CloudWeatherTexture.uasset" 284
"../../../Engine/Content/EngineSky/VolumetricClouds/CloudWeatherTexture.uexp" 285
"../../../Engine/Content/EngineSky/VolumetricClouds/CloudGradientTexture.uasset" 286
"../../../Engine/Content/EngineSky/VolumetricClouds/CloudGradientTexture.uexp" 287
"../../../Engine/Content/Functions/Engine_MaterialFunctions02/Utility/MakeFloat2.uasset" 288
"../../../Engine/Content/Functions/Engine_MaterialFunctions02/Utility/MakeFloat2.uexp" 289
"../../../Engine/Content/EngineSky/VolumetricClouds/m_SimpleVolumetricCloud.uasset" 290
"../../../Engine/Content/EngineSky/VolumetricClouds/m_SimpleVolumetricCloud.uexp" 291
"../../../Engine/Content/EngineSky/VolumetricClouds/m_SimpleVolumetricCloud_Inst.uasset" 292
"../../../Engine/Content/EngineSky/VolumetricClouds/m_SimpleVolumetricCloud_Inst.uexp" 293
"../../../Engine/Content/EngineSounds/Master.uasset" 294
"../../../Engine/Content/EngineSounds/Master.uexp" 295
"../../../Engine/Content/Functions/Engine_MaterialFunctions01/Shading/PowerToRoughness.uasset" 296
"../../../Engine/Content/Functions/Engine_MaterialFunctions01/Shading/PowerToRoughness.uexp" 297
"../../../Engine/Content/Maps/Templates/Thumbnails/Default.uasset" 298
"../../../Engine/Content/Maps/Templates/Thumbnails/Default.uexp" 299
"../../../Engine/Content/Maps/Templates/Thumbnails/TimeOfDay.uasset" 300
"../../../Engine/Content/Maps/Templates/Thumbnails/TimeOfDay.uexp" 301
"../../../Engine/Content/Maps/Templates/Thumbnails/VR-Basic.uasset" 302
"../../../Engine/Content/Maps/Templates/Thumbnails/VR-Basic.uexp" 303
"../../../Engine/Content/MobileResources/T_MobileControls_texture.uasset" 304
"../../../Engine/Content/MobileResources/T_MobileControls_texture.uexp" 305
"../../../Engine/Content/MobileResources/T_MobileMenu2.uasset" 306
"../../../Engine/Content/MobileResources/T_MobileMenu2.uexp" 307
"../../../Engine/Content/MobileResources/HUD/AnalogHat.uasset" 308
"../../../Engine/Content/MobileResources/HUD/AnalogHat.uexp" 309
"../../../Engine/Content/MobileResources/HUD/VirtualJoystick_Thumb.uasset" 310
"../../../Engine/Content/MobileResources/HUD/VirtualJoystick_Thumb.uexp" 311
"../../../Engine/Content/MobileResources/HUD/VirtualJoystick_Background.uasset" 312
"../../../Engine/Content/MobileResources/HUD/VirtualJoystick_Background.uexp" 313
"../../../Engine/Content/MobileResources/HUD/DefaultVirtualJoysticks.uasset" 314
"../../../Engine/Content/MobileResources/HUD/DefaultVirtualJoysticks.uexp" 315
"../../../Engine/Content/MobileResources/HUD/LeftVirtualJoystickOnly.uasset" 316
"../../../Engine/Content/MobileResources/HUD/LeftVirtualJoystickOnly.uexp" 317
"../../../Engine/Content/MobileResources/HUD/MobileHUDButton1_off.uasset" 318
"../../../Engine/Content/MobileResources/HUD/MobileHUDButton1_off.uexp" 319
"../../../Engine/Content/MobileResources/HUD/MobileHUDButton1_on.uasset" 320
"../../../Engine/Content/MobileResources/HUD/MobileHUDButton1_on.uexp" 321
"../../../Engine/Content/MobileResources/HUD/MobileHUDButton2_off.uasset" 322
"../../../Engine/Content/MobileResources/HUD/MobileHUDButton2_off.uexp" 323
"../../../Engine/Content/MobileResources/HUD/MobileHUDButton2_on.uasset" 324
"../../../Engine/Content/MobileResources/HUD/MobileHUDButton2_on.uexp" 325
"../../../Engine/Content/MobileResources/HUD/MobileHUDButton3.uasset" 326
"../../../Engine/Content/MobileResources/HUD/MobileHUDButton3.uexp" 327
"../../../Engine/Content/MobileResources/HUD/MobileHUDButtonFire.uasset" 328
"../../../Engine/Content/MobileResources/HUD/MobileHUDButtonFire.uexp" 329
"../../../Engine/Content/MobileResources/HUD/MobileHUDDirectionPad.uasset" 330
"../../../Engine/Content/MobileResources/HUD/MobileHUDDirectionPad.uexp" 331
"../../../Engine/Content/MobileResources/HUD/MobileHUDDirectionPad2.uasset" 332
"../../../Engine/Content/MobileResources/HUD/MobileHUDDirectionPad2.uexp" 333
"../../../Engine/Content/MobileResources/HUD/MobileHUDDirectionPad3.uasset" 334
"../../../Engine/Content/MobileResources/HUD/MobileHUDDirectionPad3.uexp" 335
"../../../Engine/Content/MobileResources/HUD/MobileHUDDirectionStick.uasset" 336
"../../../Engine/Content/MobileResources/HUD/MobileHUDDirectionStick.uexp" 337
"../../../Engine/Content/MobileResources/HUD/T_Castle_ThumbstickInner.uasset" 338
"../../../Engine/Content/MobileResources/HUD/T_Castle_ThumbstickInner.uexp" 339
"../../../Engine/Content/MobileResources/HUD/T_Castle_ThumbstickOutter.uasset" 340
"../../../Engine/Content/MobileResources/HUD/T_Castle_ThumbstickOutter.uexp" 341
"../../../Engine/Content/Tutorial/ContentIntroCurve.uasset" 342
"../../../Engine/Content/Tutorial/ContentIntroCurve.uexp" 343
"../../../Engine/Content/VREditor/TransformGizmo/TranslucentTransformGizmoMaterial.uasset" 344
"../../../Engine/Content/VREditor/TransformGizmo/TranslucentTransformGizmoMaterial.uexp" 345
"../../../Engine/Content/VREditor/LaserPointer/VR_LaserPower_01.uasset" 346
"../../../Engine/Content/VREditor/LaserPointer/VR_LaserPower_01.uexp" 347
"../../../Engine/Content/VREditor/LaserPointer/VR_LaserPower_01.ubulk" 348
"../../../Engine/Content/VREditor/TransformGizmo/TransformGizmoMaterial.uasset" 349
"../../../Engine/Content/VREditor/TransformGizmo/TransformGizmoMaterial.uexp" 350
"../../../Engine/Content/VREditor/TransformGizmo/BoundingBoxCorner.uasset" 351
"../../../Engine/Content/VREditor/TransformGizmo/BoundingBoxCorner.uexp" 352
"../../../Engine/Content/VREditor/TransformGizmo/BoundingBoxEdge.uasset" 353
"../../../Engine/Content/VREditor/TransformGizmo/BoundingBoxEdge.uexp" 354
"../../../Engine/Content/VREditor/TransformGizmo/PlaneTranslationHandle.uasset" 355
"../../../Engine/Content/VREditor/TransformGizmo/PlaneTranslationHandle.uexp" 356
"../../../Engine/Content/VREditor/TransformGizmo/Xray.uasset" 357
"../../../Engine/Content/VREditor/TransformGizmo/Xray.uexp" 358
"../../../Engine/Content/VREditor/TransformGizmo/Main.uasset" 359
"../../../Engine/Content/VREditor/TransformGizmo/Main.uexp" 360
"../../../Engine/Content/VREditor/TransformGizmo/SM_Sequencer_Key.uasset" 361
"../../../Engine/Content/VREditor/TransformGizmo/SM_Sequencer_Key.uexp" 362
"../../../Engine/Content/VREditor/TransformGizmo/SM_Sequencer_Node.uasset" 363
"../../../Engine/Content/VREditor/TransformGizmo/SM_Sequencer_Node.uexp" 364
"../../../Engine/Plugins/2D/Paper2D/Content/PlaceholderTextures/DummySpriteTexture.uasset" 365
"../../../Engine/Plugins/2D/Paper2D/Content/PlaceholderTextures/DummySpriteTexture.uexp" 366
"../../../Engine/Plugins/2D/Paper2D/Content/PlaceholderTextures/DummySpriteTexture.ubulk" 367
"../../../Engine/Plugins/2D/Paper2D/Content/DummySprite.uasset" 368
"../../../Engine/Plugins/2D/Paper2D/Content/DummySprite.uexp" 369
"../../../Engine/Plugins/2D/Paper2D/Content/DefaultPaperTerrainMaterial.uasset" 370
"../../../Engine/Plugins/2D/Paper2D/Content/DefaultPaperTerrainMaterial.uexp" 371
"../../../Engine/Plugins/2D/Paper2D/Content/DefaultSpriteMaterial.uasset" 372
"../../../Engine/Plugins/2D/Paper2D/Content/DefaultSpriteMaterial.uexp" 373
"../../../Engine/Plugins/2D/Paper2D/Content/MaskedUnlitSpriteMaterial.uasset" 374
"../../../Engine/Plugins/2D/Paper2D/Content/MaskedUnlitSpriteMaterial.uexp" 375
"../../../Engine/Plugins/2D/Paper2D/Content/OpaqueUnlitSpriteMaterial.uasset" 376
"../../../Engine/Plugins/2D/Paper2D/Content/OpaqueUnlitSpriteMaterial.uexp" 377
"../../../Engine/Content/BasicShapes/Cylinder.uasset" 378
"../../../Engine/Content/BasicShapes/Cylinder.uexp" 379
"../../../Engine/Content/ArtTools/RenderToTexture/Materials/Debug/M_Emissive_Color.uasset" 380
"../../../Engine/Content/ArtTools/RenderToTexture/Materials/Debug/M_Emissive_Color.uexp" 381
"../../../Engine/Plugins/Lumin/MagicLeapPassableWorld/Content/MagicLeapARPinInfoActor.uasset" 382
"../../../Engine/Plugins/Lumin/MagicLeapPassableWorld/Content/MagicLeapARPinInfoActor.uexp" 383
"../../../Engine/Content/Functions/Engine_MaterialFunctions02/Utility/BreakOutFloat3Components.uasset" 384
"../../../Engine/Content/Functions/Engine_MaterialFunctions02/Utility/BreakOutFloat3Components.uexp" 385
"../../../Engine/Plugins/Editor/SpeedTreeImporter/Content/SpeedTree9/UnpackInteger3.uasset" 386
"../../../Engine/Plugins/Editor/SpeedTreeImporter/Content/SpeedTree9/UnpackInteger3.uexp" 387
"../../../Engine/Plugins/Editor/SpeedTreeImporter/Content/SpeedTree9/UnpackDirection.uasset" 388
"../../../Engine/Plugins/Editor/SpeedTreeImporter/Content/SpeedTree9/UnpackDirection.uexp" 389
"../../../Engine/Plugins/Editor/SpeedTreeImporter/Content/SpeedTree9/game_wind_noise.uasset" 390
"../../../Engine/Plugins/Editor/SpeedTreeImporter/Content/SpeedTree9/game_wind_noise.uexp" 391
"../../../Engine/Plugins/Editor/SpeedTreeImporter/Content/SpeedTree9/game_wind_noise.ubulk" 392
"../../../Engine/Content/Functions/Engine_MaterialFunctions02/SafeNormalize.uasset" 393
"../../../Engine/Content/Functions/Engine_MaterialFunctions02/SafeNormalize.uexp" 394
"../../../Engine/Plugins/Editor/SpeedTreeImporter/Content/SpeedTree9/SpeedTreeWindMotion.uasset" 395
"../../../Engine/Plugins/Editor/SpeedTreeImporter/Content/SpeedTree9/SpeedTreeWindMotion.uexp" 396
"../../../Engine/Plugins/Editor/SpeedTreeImporter/Content/SpeedTree9/SpeedTreeBranchMotion.uasset" 397
"../../../Engine/Plugins/Editor/SpeedTreeImporter/Content/SpeedTree9/SpeedTreeBranchMotion.uexp" 398
"../../../Engine/Content/Functions/Engine_MaterialFunctions02/ObjectLocalBounds.uasset" 399
"../../../Engine/Content/Functions/Engine_MaterialFunctions02/ObjectLocalBounds.uexp" 400
"../../../Engine/Content/Functions/Engine_MaterialFunctions02/UVs/BoundingBoxBased_0-1_UVW.uasset" 401
"../../../Engine/Content/Functions/Engine_MaterialFunctions02/UVs/BoundingBoxBased_0-1_UVW.uexp" 402
"../../../Engine/Content/Functions/Engine_MaterialFunctions02/Utility/VectorLength.uasset" 403
"../../../Engine/Content/Functions/Engine_MaterialFunctions02/Utility/VectorLength.uexp" 404
"../../../Engine/Content/Functions/Engine_MaterialFunctions02/WorldPositionOffset/ObjectScale.uasset" 405
"../../../Engine/Content/Functions/Engine_MaterialFunctions02/WorldPositionOffset/ObjectScale.uexp" 406
"../../../Engine/Plugins/Editor/SpeedTreeImporter/Content/SpeedTree9/SpeedTreeWind.uasset" 407
"../../../Engine/Plugins/Editor/SpeedTreeImporter/Content/SpeedTree9/SpeedTreeWind.uexp" 408
"../../../Engine/Plugins/Editor/SpeedTreeImporter/Content/SpeedTree9/SpeedTreeBillboard.uasset" 409
"../../../Engine/Plugins/Editor/SpeedTreeImporter/Content/SpeedTree9/SpeedTreeBillboard.uexp" 410
"../../../Engine/Plugins/Editor/SpeedTreeImporter/Content/SpeedTree9/EmptyNormal.uasset" 411
"../../../Engine/Plugins/Editor/SpeedTreeImporter/Content/SpeedTree9/EmptyNormal.uexp" 412
"../../../Engine/Plugins/Editor/SpeedTreeImporter/Content/SpeedTree9/Empty.uasset" 413
"../../../Engine/Plugins/Editor/SpeedTreeImporter/Content/SpeedTree9/Empty.uexp" 414
"../../../Engine/Plugins/Editor/SpeedTreeImporter/Content/SpeedTree9/SpeedTreeBillboardMaster.uasset" 415
"../../../Engine/Plugins/Editor/SpeedTreeImporter/Content/SpeedTree9/SpeedTreeBillboardMaster.uexp" 416
"../../../Engine/Plugins/Editor/SpeedTreeImporter/Content/SpeedTree9/SpeedTreeCameraFacing.uasset" 417
"../../../Engine/Plugins/Editor/SpeedTreeImporter/Content/SpeedTree9/SpeedTreeCameraFacing.uexp" 418
"../../../Engine/Plugins/Editor/SpeedTreeImporter/Content/SpeedTree9/SpeedTreeMaster.uasset" 419
"../../../Engine/Plugins/Editor/SpeedTreeImporter/Content/SpeedTree9/SpeedTreeMaster.uexp" 420
"../../../Engine/Plugins/Runtime/OpenXR/Content/Devices/GoogleDaydream/MRTexture.uasset" 421
"../../../Engine/Plugins/Runtime/OpenXR/Content/Devices/GoogleDaydream/MRTexture.uexp" 422
"../../../Engine/Plugins/Runtime/OpenXR/Content/Devices/GoogleDaydream/MRTexture.ubulk" 423
"../../../Engine/Plugins/Runtime/OpenXR/Content/Devices/GoogleDaydream/BaseTexture.uasset" 424
"../../../Engine/Plugins/Runtime/OpenXR/Content/Devices/GoogleDaydream/BaseTexture.uexp" 425
"../../../Engine/Plugins/Runtime/OpenXR/Content/Devices/GoogleDaydream/BaseTexture.ubulk" 426
"../../../Engine/Content/EngineResources/Black.uasset" 427
"../../../Engine/Content/EngineResources/Black.uexp" 428
"../../../Engine/Plugins/Runtime/OpenXR/Content/Devices/M_XRController.uasset" 429
"../../../Engine/Plugins/Runtime/OpenXR/Content/Devices/M_XRController.uexp" 430
"../../../Engine/Plugins/Runtime/OpenXR/Content/Devices/GoogleDaydream/MI_GoogleDaydream.uasset" 431
"../../../Engine/Plugins/Runtime/OpenXR/Content/Devices/GoogleDaydream/MI_GoogleDaydream.uexp" 432
"../../../Engine/Plugins/Runtime/OpenXR/Content/Devices/GoogleDaydream/GoogleDaydreamController.uasset" 433
"../../../Engine/Plugins/Runtime/OpenXR/Content/Devices/GoogleDaydream/GoogleDaydreamController.uexp" 434
"../../../Engine/Plugins/Runtime/OpenXR/Content/Devices/HTCVive/BaseTexture.uasset" 435
"../../../Engine/Plugins/Runtime/OpenXR/Content/Devices/HTCVive/BaseTexture.uexp" 436
"../../../Engine/Plugins/Runtime/OpenXR/Content/Devices/HTCVive/BaseTexture.ubulk" 437
"../../../Engine/Plugins/Runtime/OpenXR/Content/Devices/HTCVive/MI_HTCVive.uasset" 438
"../../../Engine/Plugins/Runtime/OpenXR/Content/Devices/HTCVive/MI_HTCVive.uexp" 439
"../../../Engine/Plugins/Runtime/OpenXR/Content/Devices/HTCVive/HTCViveController.uasset" 440
"../../../Engine/Plugins/Runtime/OpenXR/Content/Devices/HTCVive/HTCViveController.uexp" 441
"../../../Engine/Plugins/Runtime/OpenXR/Content/Devices/MicrosoftMixedReality/NormalTexture.uasset" 442
"../../../Engine/Plugins/Runtime/OpenXR/Content/Devices/MicrosoftMixedReality/NormalTexture.uexp" 443
"../../../Engine/Plugins/Runtime/OpenXR/Content/Devices/MicrosoftMixedReality/NormalTexture.ubulk" 444
"../../../Engine/Plugins/Runtime/OpenXR/Content/Devices/MicrosoftMixedReality/MRTexture.uasset" 445
"../../../Engine/Plugins/Runtime/OpenXR/Content/Devices/MicrosoftMixedReality/MRTexture.uexp" 446
"../../../Engine/Plugins/Runtime/OpenXR/Content/Devices/MicrosoftMixedReality/MRTexture.ubulk" 447
"../../../Engine/Plugins/Runtime/OpenXR/Content/Devices/MicrosoftMixedReality/EmissiveTexture.uasset" 448
"../../../Engine/Plugins/Runtime/OpenXR/Content/Devices/MicrosoftMixedReality/EmissiveTexture.uexp" 449
"../../../Engine/Plugins/Runtime/OpenXR/Content/Devices/MicrosoftMixedReality/EmissiveTexture.ubulk" 450
"../../../Engine/Plugins/Runtime/OpenXR/Content/Devices/MicrosoftMixedReality/BaseTexture.uasset" 451
"../../../Engine/Plugins/Runtime/OpenXR/Content/Devices/MicrosoftMixedReality/BaseTexture.uexp" 452
"../../../Engine/Plugins/Runtime/OpenXR/Content/Devices/MicrosoftMixedReality/BaseTexture.ubulk" 453
"../../../Engine/Plugins/Runtime/OpenXR/Content/Devices/MicrosoftMixedReality/MI_MicrosoftMixedReality.uasset" 454
"../../../Engine/Plugins/Runtime/OpenXR/Content/Devices/MicrosoftMixedReality/MI_MicrosoftMixedReality.uexp" 455
"../../../Engine/Plugins/Runtime/OpenXR/Content/Devices/MicrosoftMixedReality/Left/left_MicrosoftMixedRealityController.uasset" 456
"../../../Engine/Plugins/Runtime/OpenXR/Content/Devices/MicrosoftMixedReality/Left/left_MicrosoftMixedRealityController.uexp" 457
"../../../Engine/Plugins/Runtime/OpenXR/Content/Devices/MicrosoftMixedReality/Right/right_MicrosoftMixedRealityController.uasset" 458
"../../../Engine/Plugins/Runtime/OpenXR/Content/Devices/MicrosoftMixedReality/Right/right_MicrosoftMixedRealityController.uexp" 459
"../../../Engine/Plugins/Runtime/OpenXR/Content/Devices/OculusGo/BaseTexture.uasset" 460
"../../../Engine/Plugins/Runtime/OpenXR/Content/Devices/OculusGo/BaseTexture.uexp" 461
"../../../Engine/Plugins/Runtime/OpenXR/Content/Devices/OculusGo/BaseTexture.ubulk" 462
"../../../Engine/Plugins/Runtime/OpenXR/Content/Devices/OculusGo/MI_OculusGo.uasset" 463
"../../../Engine/Plugins/Runtime/OpenXR/Content/Devices/OculusGo/MI_OculusGo.uexp" 464
"../../../Engine/Plugins/Runtime/OpenXR/Content/Devices/OculusGo/OculusGoController.uasset" 465
"../../../Engine/Plugins/Runtime/OpenXR/Content/Devices/OculusGo/OculusGoController.uexp" 466
"../../../Engine/Plugins/Runtime/OpenXR/Content/Devices/OculusTouch/MRTexture.uasset" 467
"../../../Engine/Plugins/Runtime/OpenXR/Content/Devices/OculusTouch/MRTexture.uexp" 468
"../../../Engine/Plugins/Runtime/OpenXR/Content/Devices/OculusTouch/MRTexture.ubulk" 469
"../../../Engine/Plugins/Runtime/OpenXR/Content/Devices/OculusTouch/BaseTexture.uasset" 470
"../../../Engine/Plugins/Runtime/OpenXR/Content/Devices/OculusTouch/BaseTexture.uexp" 471
"../../../Engine/Plugins/Runtime/OpenXR/Content/Devices/OculusTouch/BaseTexture.ubulk" 472
"../../../Engine/Plugins/Runtime/OpenXR/Content/Devices/OculusTouch/MI_OculusTouch.uasset" 473
"../../../Engine/Plugins/Runtime/OpenXR/Content/Devices/OculusTouch/MI_OculusTouch.uexp" 474
"../../../Engine/Plugins/Runtime/OpenXR/Content/Devices/OculusTouch/Left/left_OculusTouchController.uasset" 475
"../../../Engine/Plugins/Runtime/OpenXR/Content/Devices/OculusTouch/Left/left_OculusTouchController.uexp" 476
"../../../Engine/Plugins/Runtime/OpenXR/Content/Devices/OculusTouch/Right/right_OculusTouchController.uasset" 477
"../../../Engine/Plugins/Runtime/OpenXR/Content/Devices/OculusTouch/Right/right_OculusTouchController.uexp" 478
"../../../Engine/Plugins/Runtime/OpenXR/Content/Devices/OculusTouch_v2/MRTexture.uasset" 479
"../../../Engine/Plugins/Runtime/OpenXR/Content/Devices/OculusTouch_v2/MRTexture.uexp" 480
"../../../Engine/Plugins/Runtime/OpenXR/Content/Devices/OculusTouch_v2/MRTexture.ubulk" 481
"../../../Engine/Plugins/Runtime/OpenXR/Content/Devices/OculusTouch_v2/BaseTexture.uasset" 482
"../../../Engine/Plugins/Runtime/OpenXR/Content/Devices/OculusTouch_v2/BaseTexture.uexp" 483
"../../../Engine/Plugins/Runtime/OpenXR/Content/Devices/OculusTouch_v2/BaseTexture.ubulk" 484
"../../../Engine/Plugins/Runtime/OpenXR/Content/Devices/OculusTouch_v2/MI_OculusTouch_v2.uasset" 485
"../../../Engine/Plugins/Runtime/OpenXR/Content/Devices/OculusTouch_v2/MI_OculusTouch_v2.uexp" 486
"../../../Engine/Plugins/Runtime/OpenXR/Content/Devices/OculusTouch_v2/Left/left_OculusTouch_v2Controller.uasset" 487
"../../../Engine/Plugins/Runtime/OpenXR/Content/Devices/OculusTouch_v2/Left/left_OculusTouch_v2Controller.uexp" 488
"../../../Engine/Plugins/Runtime/OpenXR/Content/Devices/OculusTouch_v2/Right/right_OculusTouch_v2Controller.uasset" 489
"../../../Engine/Plugins/Runtime/OpenXR/Content/Devices/OculusTouch_v2/Right/right_OculusTouch_v2Controller.uexp" 490
"../../../Engine/Plugins/Runtime/OpenXR/Content/Devices/OculusTouch_v3/MRTexture.uasset" 491
"../../../Engine/Plugins/Runtime/OpenXR/Content/Devices/OculusTouch_v3/MRTexture.uexp" 492
"../../../Engine/Plugins/Runtime/OpenXR/Content/Devices/OculusTouch_v3/MRTexture.ubulk" 493
"../../../Engine/Plugins/Runtime/OpenXR/Content/Devices/OculusTouch_v3/BaseTexture.uasset" 494
"../../../Engine/Plugins/Runtime/OpenXR/Content/Devices/OculusTouch_v3/BaseTexture.uexp" 495
"../../../Engine/Plugins/Runtime/OpenXR/Content/Devices/OculusTouch_v3/BaseTexture.ubulk" 496
"../../../Engine/Plugins/Runtime/OpenXR/Content/Devices/OculusTouch_v3/MI_OculusTouch_v3.uasset" 497
"../../../Engine/Plugins/Runtime/OpenXR/Content/Devices/OculusTouch_v3/MI_OculusTouch_v3.uexp" 498
"../../../Engine/Plugins/Runtime/OpenXR/Content/Devices/OculusTouch_v3/Left/left_OculusTouch_v3Controller.uasset" 499
"../../../Engine/Plugins/Runtime/OpenXR/Content/Devices/OculusTouch_v3/Left/left_OculusTouch_v3Controller.uexp" 500
"../../../Engine/Plugins/Runtime/OpenXR/Content/Devices/OculusTouch_v3/Right/right_OculusTouch_v3Controller.uasset" 501
"../../../Engine/Plugins/Runtime/OpenXR/Content/Devices/OculusTouch_v3/Right/right_OculusTouch_v3Controller.uexp" 502
"../../../Engine/Plugins/Runtime/OpenXR/Content/Devices/ValveIndex/MRTexture.uasset" 503
"../../../Engine/Plugins/Runtime/OpenXR/Content/Devices/ValveIndex/MRTexture.uexp" 504
"../../../Engine/Plugins/Runtime/OpenXR/Content/Devices/ValveIndex/MRTexture.ubulk" 505
"../../../Engine/Plugins/Runtime/OpenXR/Content/Devices/ValveIndex/BaseTexture.uasset" 506
"../../../Engine/Plugins/Runtime/OpenXR/Content/Devices/ValveIndex/BaseTexture.uexp" 507
"../../../Engine/Plugins/Runtime/OpenXR/Content/Devices/ValveIndex/BaseTexture.ubulk" 508
"../../../Engine/Plugins/Runtime/OpenXR/Content/Devices/ValveIndex/Left/MI_left_ValveIndex.uasset" 509
"../../../Engine/Plugins/Runtime/OpenXR/Content/Devices/ValveIndex/Left/MI_left_ValveIndex.uexp" 510
"../../../Engine/Plugins/Runtime/OpenXR/Content/Devices/ValveIndex/Left/left_ValveIndexController.uasset" 511
"../../../Engine/Plugins/Runtime/OpenXR/Content/Devices/ValveIndex/Left/left_ValveIndexController.uexp" 512
"../../../Engine/Plugins/Runtime/OpenXR/Content/Devices/ValveIndex/Right/MI_right_ValveIndex.uasset" 513
"../../../Engine/Plugins/Runtime/OpenXR/Content/Devices/ValveIndex/Right/MI_right_ValveIndex.uexp" 514
"../../../Engine/Plugins/Runtime/OpenXR/Content/Devices/ValveIndex/Right/right_ValveIndexController.uasset" 515
"../../../Engine/Plugins/Runtime/OpenXR/Content/Devices/ValveIndex/Right/right_ValveIndexController.uexp" 516
"../../../Engine/Content/Functions/Engine_MaterialFunctions02/Utility/BreakOutFloat4Components.uasset" 517
"../../../Engine/Content/Functions/Engine_MaterialFunctions02/Utility/BreakOutFloat4Components.uexp" 518
"../../../Engine/Content/Functions/Engine_MaterialFunctions02/Utility/MakeFloat3.uasset" 519
"../../../Engine/Content/Functions/Engine_MaterialFunctions02/Utility/MakeFloat3.uexp" 520
"../../../Engine/Plugins/Runtime/Oculus/OculusVR/Content/Materials/OculusMR_ChromaKey.uasset" 521
"../../../Engine/Plugins/Runtime/Oculus/OculusVR/Content/Materials/OculusMR_ChromaKey.uexp" 522
"../../../Engine/Plugins/Runtime/Oculus/OculusVR/Content/Materials/OculusMR_OpaqueColoredMaterial.uasset" 523
"../../../Engine/Plugins/Runtime/Oculus/OculusVR/Content/Materials/OculusMR_OpaqueColoredMaterial.uexp" 524
"../../../Engine/Plugins/Runtime/Oculus/OculusVR/Content/Materials/PokeAHoleMaterial.uasset" 525
"../../../Engine/Plugins/Runtime/Oculus/OculusVR/Content/Materials/PokeAHoleMaterial.uexp" 526
"../../../Engine/Plugins/Runtime/Oculus/OculusVR/Content/Textures/touchController_controlmap.uasset" 527
"../../../Engine/Plugins/Runtime/Oculus/OculusVR/Content/Textures/touchController_controlmap.uexp" 528
"../../../Engine/Plugins/Runtime/Oculus/OculusVR/Content/Textures/touchController_controlmap.ubulk" 529
"../../../Engine/Plugins/Runtime/Oculus/OculusVR/Content/Textures/touchController_albedo.uasset" 530
"../../../Engine/Plugins/Runtime/Oculus/OculusVR/Content/Textures/touchController_albedo.uexp" 531
"../../../Engine/Plugins/Runtime/Oculus/OculusVR/Content/Textures/touchController_albedo.ubulk" 532
"../../../Engine/Plugins/Runtime/Oculus/OculusVR/Content/Materials/touchController_mat.uasset" 533
"../../../Engine/Plugins/Runtime/Oculus/OculusVR/Content/Materials/touchController_mat.uexp" 534
"../../../Engine/Plugins/Runtime/Oculus/OculusVR/Content/Meshes/LeftTouchController.uasset" 535
"../../../Engine/Plugins/Runtime/Oculus/OculusVR/Content/Meshes/LeftTouchController.uexp" 536
"../../../Engine/Plugins/Runtime/Oculus/OculusVR/Content/Textures/TouchForQuestRiftSController_albedo.uasset" 537
"../../../Engine/Plugins/Runtime/Oculus/OculusVR/Content/Textures/TouchForQuestRiftSController_albedo.uexp" 538
"../../../Engine/Plugins/Runtime/Oculus/OculusVR/Content/Textures/TouchForQuestRiftSController_albedo.ubulk" 539
"../../../Engine/Plugins/Runtime/Oculus/OculusVR/Content/Materials/TouchForQuestRiftSControllerMaterial.uasset" 540
"../../../Engine/Plugins/Runtime/Oculus/OculusVR/Content/Materials/TouchForQuestRiftSControllerMaterial.uexp" 541
"../../../Engine/Plugins/Runtime/Oculus/OculusVR/Content/Meshes/LeftTouchForQuestRiftSController.uasset" 542
"../../../Engine/Plugins/Runtime/Oculus/OculusVR/Content/Meshes/LeftTouchForQuestRiftSController.uexp" 543
"../../../Engine/Plugins/Runtime/Oculus/OculusVR/Content/Meshes/RiftHMD.uasset" 544
"../../../Engine/Plugins/Runtime/Oculus/OculusVR/Content/Meshes/RiftHMD.uexp" 545
"../../../Engine/Plugins/Runtime/Oculus/OculusVR/Content/Meshes/RightTouchController.uasset" 546
"../../../Engine/Plugins/Runtime/Oculus/OculusVR/Content/Meshes/RightTouchController.uexp" 547
"../../../Engine/Plugins/Runtime/Oculus/OculusVR/Content/Meshes/RightTouchForQuestRiftSController.uasset" 548
"../../../Engine/Plugins/Runtime/Oculus/OculusVR/Content/Meshes/RightTouchForQuestRiftSController.uexp" 549
"../../../Engine/Content/MapTemplates/SM_Template_Map_Floor.uasset" 550
"../../../Engine/Content/MapTemplates/SM_Template_Map_Floor.uexp" 551
"../../../Engine/Content/Functions/Engine_MaterialFunctions01/Gradient/LinearGradient.uasset" 552
"../../../Engine/Content/Functions/Engine_MaterialFunctions01/Gradient/LinearGradient.uexp" 553
"../../../Engine/Content/Functions/Engine_MaterialFunctions01/ImageAdjustment/CheapContrast.uasset" 554
"../../../Engine/Content/Functions/Engine_MaterialFunctions01/ImageAdjustment/CheapContrast.uexp" 555
"../../../Engine/Content/Functions/Engine_MaterialFunctions01/Texturing/WorldAlignedTexture.uasset" 556
"../../../Engine/Content/Functions/Engine_MaterialFunctions01/Texturing/WorldAlignedTexture.uexp" 557
"D:/Making games/ZmeykaGame/Content/grid4.uasset" 558
"D:/Making games/ZmeykaGame/Content/grid4.uexp" 559
"D:/Making games/ZmeykaGame/Content/grid4.ubulk" 560
"D:/Making games/ZmeykaGame/Content/qjCUSyW_Mat.uasset" 561
"D:/Making games/ZmeykaGame/Content/qjCUSyW_Mat.uexp" 562
"D:/Making games/ZmeykaGame/Content/sky-night-star-milky-way-cosmos-atmosphere-space-galaxy-nebula-outer-space-astronomy-stars-universe-.uasset" 563
"D:/Making games/ZmeykaGame/Content/sky-night-star-milky-way-cosmos-atmosphere-space-galaxy-nebula-outer-space-astronomy-stars-universe-.uexp" 564
"D:/Making games/ZmeykaGame/Content/Mat_Sky.uasset" 565
"D:/Making games/ZmeykaGame/Content/Mat_Sky.uexp" 566
"D:/Making games/ZmeykaGame/Content/Main_BuiltData.uasset" 567
"D:/Making games/ZmeykaGame/Content/Main_BuiltData.uexp" 568
"D:/Making games/ZmeykaGame/Content/Main_BuiltData.ubulk" 569
"../../../Engine/Content/EditorMaterials/MatineeGroups/MAT_ColorTrack.uasset" 570
"../../../Engine/Content/EditorMaterials/MatineeGroups/MAT_ColorTrack.uexp" 571
"../../../Engine/Content/EditorMaterials/MatineeGroups/MAT_ColorTrack_Mat.uasset" 572
"../../../Engine/Content/EditorMaterials/MatineeGroups/MAT_ColorTrack_Mat.uexp" 573
"D:/Making games/ZmeykaGame/Content/SharikunichtozhitelBP.uasset" 574
"D:/Making games/ZmeykaGame/Content/SharikunichtozhitelBP.uexp" 575
"D:/Making games/ZmeykaGame/Content/e8fb50e9731d938d6c59e9051a26de2e.uasset" 576
"D:/Making games/ZmeykaGame/Content/e8fb50e9731d938d6c59e9051a26de2e.uexp" 577
"D:/Making games/ZmeykaGame/Content/e8fb50e9731d938d6c59e9051a26de2e_Mat.uasset" 578
"D:/Making games/ZmeykaGame/Content/e8fb50e9731d938d6c59e9051a26de2e_Mat.uexp" 579
"D:/Making games/ZmeykaGame/Content/PortalBP.uasset" 580
"D:/Making games/ZmeykaGame/Content/PortalBP.uexp" 581
"D:/Making games/ZmeykaGame/Content/TeleportBP.uasset" 582
"D:/Making games/ZmeykaGame/Content/TeleportBP.uexp" 583
"../../../Engine/Content/EngineSky/T_Sky_Stars.uasset" 584
"../../../Engine/Content/EngineSky/T_Sky_Stars.uexp" 585
"../../../Engine/Content/EngineSky/T_Sky_Stars.ubulk" 586
"../../../Engine/Content/EngineSky/T_Sky_Clouds_M.uasset" 587
"../../../Engine/Content/EngineSky/T_Sky_Clouds_M.uexp" 588
"../../../Engine/Content/EngineSky/T_Sky_Clouds_M.ubulk" 589
"../../../Engine/Content/EngineSky/T_Sky_Blue.uasset" 590
"../../../Engine/Content/EngineSky/T_Sky_Blue.uexp" 591
"../../../Engine/Content/EngineSky/T_Sky_Blue.ubulk" 592
"../../../Engine/Content/EngineSky/M_Sky_Panning_Clouds2.uasset" 593
"../../../Engine/Content/EngineSky/M_Sky_Panning_Clouds2.uexp" 594
"../../../Engine/Content/EngineSky/SM_SkySphere.uasset" 595
"../../../Engine/Content/EngineSky/SM_SkySphere.uexp" 596
"D:/Making games/ZmeykaGame/Content/SM_SkyBP.uasset" 597
"D:/Making games/ZmeykaGame/Content/SM_SkyBP.uexp" 598
"D:/Making games/ZmeykaGame/Content/Main.uexp" 599
"D:/Making games/ZmeykaGame/Content/Main.umap" 600
"../../../Engine/Content/Maps/Entry_BuiltData.uasset" 601
"../../../Engine/Content/Maps/Entry_BuiltData.uexp" 602
"../../../Engine/Content/Maps/Entry.uexp" 603
"../../../Engine/Content/Maps/Entry.umap" 604
